nohup: ignoring input

> complexity_wordlearning@1.0.0 start
> node server.js

Server is running at http://localhost:3006
Connected to MongoDB...
SyntaxError: Unexpected end of JSON input
    at JSON.parse (<anonymous>)
    at parse (/home/samah/projects/complexity_wordlearning/node_modules/body-parser/lib/types/json.js:92:19)
    at /home/samah/projects/complexity_wordlearning/node_modules/body-parser/lib/read.js:128:18
    at AsyncResource.runInAsyncScope (node:async_hooks:204:9)
    at invokeCallback (/home/samah/projects/complexity_wordlearning/node_modules/raw-body/index.js:238:16)
    at done (/home/samah/projects/complexity_wordlearning/node_modules/raw-body/index.js:227:7)
    at IncomingMessage.onEnd (/home/samah/projects/complexity_wordlearning/node_modules/raw-body/index.js:287:7)
    at IncomingMessage.emit (node:events:513:28)
    at endReadableNT (node:internal/streams/readable:1359:12)
    at process.processTicksAndRejections (node:internal/process/task_queues:82:21)
_node_id: 0,
  response: '37',
  pic: 'list1/25-4-5-031-AB.png',
  block: 'blockpics',
  stimulus: 'list1/25-4-5-031-AB.png'
}
req.body
{
  rt: 4471,
  trial_type: 'image-slider-response',
  trial_index: 5,
  time_elapsed: 233896,
  internal_node_id: 0,
  response: '70',
  pic: 'list1/27-5-5-corrugatedsteel-A.png',
  block: 'blockpics',
  stimulus: 'list1/27-5-5-corrugatedsteel-A.png'
}
req.body
{
  rt: 15074,
  trial_type: 'image-slider-response',
  trial_index: 6,
  time_elapsed: 248971,
  internal_node_id: 0,
  response: '69',
  pic: 'list1/18-1022-2-074-AB.png',
  block: 'blockpics',
  stimulus: 'list1/18-1022-2-074-AB.png'
}
req.body
{
  rt: 6881,
  trial_type: 'image-slider-response',
  trial_index: 7,
  time_elapsed: 255854,
  internal_node_id: 0,
  response: '88',
  pic: 'list1/9-27-9-corrguatedsteel-A.png',
  block: 'blockpics',
  stimulus: 'list1/9-27-9-corrguatedsteel-A.png'
}
req.body
{
  rt: 4140,
  trial_type: 'image-slider-response',
  trial_index: 8,
  time_elapsed: 259996,
  internal_node_id: 0,
  response: '94',
  pic: 'list1/22-89-13-printedmaterial007-A.png',
  block: 'blockpics',
  stimulus: 'list1/22-89-13-printedmaterial007-A.png'
}
req.body
{
  rt: 2630,
  trial_type: 'image-slider-response',
  trial_index: 9,
  time_elapsed: 262628,
  internal_node_id: 0,
  response: '84',
  pic: 'list1/21-82-9-corrugatedsteel-A.png',
  block: 'blockpics',
  stimulus: 'list1/21-82-9-corrugatedsteel-A.png'
}
req.body
{
  rt: 2517,
  trial_type: 'image-slider-response',
  trial_index: 10,
  time_elapsed: 265146,
  internal_node_id: 0,
  response: '79',
  pic: 'list1/15- 2021-10-corrugated steel-A.png',
  block: 'blockpics',
  stimulus: 'list1/15- 2021-10-corrugated steel-A.png'
}
req.body
{
  rt: 6457,
  trial_type: 'image-slider-response',
  trial_index: 11,
  time_elapsed: 271605,
  internal_node_id: 0,
  response: '16',
  pic: 'list1/26-276-3-fabric05-AB.png',
  block: 'blockpics',
  stimulus: 'list1/26-276-3-fabric05-AB.png'
}
req.body
{
  rt: 44930,
  trial_type: 'image-slider-response',
  trial_index: 12,
  time_elapsed: 316536,
  internal_node_id: 0,
  response: '57',
  pic: 'list1/14-59-9-fabric05-AB.png',
  block: 'blockpics',
  stimulus: 'list1/14-59-9-fabric05-AB.png'
}
req.body
{
  rt: 3417,
  trial_type: 'image-slider-response',
  trial_index: 13,
  time_elapsed: 319954,
  internal_node_id: 0,
  response: '4',
  pic: 'list1/1-1016-1-031-A.png',
  block: 'blockpics',
  stimulus: 'list1/1-1016-1-031-A.png'
}
req.body
{
  rt: 5629,
  trial_type: 'image-slider-response',
  trial_index: 14,
  time_elapsed: 325585,
  internal_node_id: 0,
  response: '80',
  pic: 'list1/17-224-12-metal007-AB.png',
  block: 'blockpics',
  stimulus: 'list1/17-224-12-metal007-AB.png'
}
req.body
{
  rt: 3289,
  trial_type: 'image-slider-response',
  trial_index: 15,
  time_elapsed: 328875,
  internal_node_id: 0,
  response: '39',
  pic: 'list1/28-2000-7-printedmaterial007-A.png',
  block: 'blockpics',
  stimulus: 'list1/28-2000-7-printedmaterial007-A.png'
}
req.body
{
  rt: 3928,
  trial_type: 'image-slider-response',
  trial_index: 16,
  time_elapsed: 332805,
  internal_node_id: 0,
  response: '57',
  pic: 'list1/10-3-8-corrugatedsteel-A.png',
  block: 'blockpics',
  stimulus: 'list1/10-3-8-corrugatedsteel-A.png'
}
req.body
{
  rt: 5395,
  trial_type: 'image-slider-response',
  trial_index: 17,
  time_elapsed: 338201,
  internal_node_id: 0,
  response: '53',
  pic: 'list1/5-13-9-metal007-AB.png',
  block: 'blockpics',
  stimulus: 'list1/5-13-9-metal007-AB.png'
}
req.body
{
  rt: 6952,
  trial_type: 'image-slider-response',
  trial_index: 18,
  time_elapsed: 345155,
  internal_node_id: 0,
  response: '58',
  pic: 'list1/4-68-9-printedmaterial007-A.png',
  block: 'blockpics',
  stimulus: 'list1/4-68-9-printedmaterial007-A.png'
}
req.body
{
  rt: 3107,
  trial_type: 'image-slider-response',
  trial_index: 19,
  time_elapsed: 348263,
  internal_node_id: 0,
  response: '71',
  pic: 'list1/23-69-16-metal007-AB.png',
  block: 'blockpics',
  stimulus: 'list1/23-69-16-metal007-AB.png'
}
req.body
{
  rt: 2676,
  trial_type: 'image-slider-response',
  trial_index: 20,
  time_elapsed: 350941,
  internal_node_id: 0,
  response: '23',
  pic: 'list1/8-25-8-fabric05-AB.png',
  block: 'blockpics',
  stimulus: 'list1/8-25-8-fabric05-AB.png'
}
req.body
{
  rt: 9461,
  trial_type: 'image-slider-response',
  trial_index: 22,
  time_elapsed: 409947,
  internal_node_id: 0,
  response: '11',
  pic: 'list1/6-1017-5-074-AB.png',
  block: 'blockpics',
  stimulus: 'list1/6-1017-5-074-AB.png'
}
req.body
{
  rt: 7644,
  trial_type: 'image-slider-response',
  trial_index: 23,
  time_elapsed: 417592,
  internal_node_id: 0,
  response: '18',
  pic: 'list1/7-15-8-fabric031-AB.png',
  block: 'blockpics',
  stimulus: 'list1/7-15-8-fabric031-AB.png'
}
req.body
{
  rt: 49542,
  trial_type: 'image-slider-response',
  trial_index: 21,
  time_elapsed: 400484,
  internal_node_id: 0,
  response: '18',
  pic: 'list1/2-42-5-fabric05-AB.png',
  block: 'blockpics',
  stimulus: 'list1/2-42-5-fabric05-AB.png'
}
req.body
{
  rt: 6061,
  trial_type: 'image-slider-response',
  trial_index: 24,
  time_elapsed: 423655,
  internal_node_id: 0,
  response: '4',
  pic: 'list1/3-1016-6-corrugatedsteel-A.png',
  block: 'blockpics',
  stimulus: 'list1/3-1016-6-corrugatedsteel-A.png'
}
req.body
{
  rt: 248875,
  trial_type: 'image-slider-response',
  trial_index: 25,
  time_elapsed: 672533,
  internal_node_id: 0,
  response: '32',
  pic: 'list1/11-34-9-metal007-AB.png',
  block: 'blockpics',
  stimulus: 'list1/11-34-9-metal007-AB.png'
}
req.body
{
  rt: 12159,
  trial_type: 'image-slider-response',
  trial_index: 26,
  time_elapsed: 684693,
  internal_node_id: 0,
  response: '5',
  pic: 'list1/30-38-4-074-AB.png',
  block: 'blockpics',
  stimulus: 'list1/30-38-4-074-AB.png'
}
req.body
{
  rt: 3542,
  trial_type: 'image-slider-response',
  trial_index: 27,
  time_elapsed: 688236,
  internal_node_id: 0,
  response: '4',
  pic: 'list1/12-87-7-metal007-AB.png',
  block: 'blockpics',
  stimulus: 'list1/12-87-7-metal007-AB.png'
}
req.body
{
  rt: 3276,
  trial_type: 'image-slider-response',
  trial_index: 28,
  time_elapsed: 691514,
  internal_node_id: 0,
  response: '18',
  pic: 'list1/16-53-11-printedmaterial007-A.png',
  block: 'blockpics',
  stimulus: 'list1/16-53-11-printedmaterial007-A.png'
}
req.body
{
  rt: 3831,
  trial_type: 'image-slider-response',
  trial_index: 29,
  time_elapsed: 695346,
  internal_node_id: 0,
  response: '12',
  pic: 'list1/29-17-7-metal007-AB.png',
  block: 'blockpics',
  stimulus: 'list1/29-17-7-metal007-AB.png'
}
req.body
{
  rt: 258245,
  trial_type: 'image-slider-response',
  trial_index: 30,
  time_elapsed: 953600,
  internal_node_id: 0,
  response: '9',
  pic: 'list1/19-1024-4-031-AB.png',
  block: 'blockpics',
  stimulus: 'list1/19-1024-4-031-AB.png'
}
req.body
{
  rt: 3411,
  trial_type: 'image-slider-response',
  trial_index: 31,
  time_elapsed: 957013,
  internal_node_id: 0,
  response: '6',
  pic: 'list1/13-57-6-031-AB.png',
  block: 'blockpics',
  stimulus: 'list1/13-57-6-031-AB.png'
}
req.body
{
  rt: 8935,
  trial_type: 'instructions',
  trial_index: 32,
  time_elapsed: 965949,
  internal_node_id: 0
}
req.body
{
  rt: 1402,
  trial_type: 'instructions',
  trial_index: 0,
  time_elapsed: 1403,
  internal_node_id: 0
}
req.body
{
  rt: 1035,
  trial_type: 'instructions',
  trial_index: 1,
  time_elapsed: 2439,
  internal_node_id: 0
}
req.body
{
  rt: 32740,
  trial_type: 'image-slider-response',
  trial_index: 2,
  time_elapsed: 35186,
  internal_node_id: 0,
  response: '63',
  pic: 'square.png',
  block: 'practice block',
  stimulus: 'square.png'
}
req.body
{
  rt: 3216,
  trial_type: 'html-button-response',
  trial_index: 3,
  time_elapsed: 38405,
  internal_node_id: 0,
  response: '0',
  stimulus: "<p style='color:red; font-size:20px;'>❌ Oops! Slide below 50 for simple objects. </p>"
}
req.body
{
  rt: 732,
  trial_type: 'html-button-response',
  trial_index: 5,
  time_elapsed: 41020,
  internal_node_id: 0,
  response: '0',
  stimulus: "<p style='color:red; font-size:20px;'>❌ Oops! Slide above 50 for complex objects. </p>"
}
req.body
{
  rt: 1880,
  trial_type: 'image-slider-response',
  trial_index: 4,
  time_elapsed: 40286,
  internal_node_id: 0,
  response: '27',
  pic: 'heptagon.png',
  block: 'practice block',
  stimulus: 'heptagon.png'
}
req.body
{
  rt: 1931,
  trial_type: 'image-slider-response',
  trial_index: 6,
  time_elapsed: 42953,
  internal_node_id: 0,
  response: '74',
  pic: 'concave.png',
  block: 'practice block',
  stimulus: 'concave.png'
}
req.body
{
  rt: 1149,
  trial_type: 'html-button-response',
  trial_index: 7,
  time_elapsed: 44103,
  internal_node_id: 0,
  response: '0',
  stimulus: "<p style='color:green; font-size:20px;'>✅ Correct! Slide above 50 for complex objects.\n" +
    '            </p>'
}
req.body
{
  rt: 1898,
  trial_type: 'image-slider-response',
  trial_index: 8,
  time_elapsed: 46003,
  internal_node_id: 0,
  response: '66',
  pic: 'list1/14-59-9-fabric05-AB.png',
  block: 'blockpics',
  stimulus: 'list1/14-59-9-fabric05-AB.png'
}
req.body
{
  rt: 2315,
  trial_type: 'image-slider-response',
  trial_index: 9,
  time_elapsed: 48320,
  internal_node_id: 0,
  response: '65',
  pic: 'list1/13-57-6-031-AB.png',
  block: 'blockpics',
  stimulus: 'list1/13-57-6-031-AB.png'
}
req.body
{
  rt: 1814,
  trial_type: 'image-slider-response',
  trial_index: 10,
  time_elapsed: 50137,
  internal_node_id: 0,
  response: '72',
  pic: 'list1/29-17-7-metal007-AB.png',
  block: 'blockpics',
  stimulus: 'list1/29-17-7-metal007-AB.png'
}
req.body
{
  rt: 2264,
  trial_type: 'image-slider-response',
  trial_index: 11,
  time_elapsed: 52402,
  internal_node_id: 0,
  response: '77',
  pic: 'list1/30-38-4-074-AB.png',
  block: 'blockpics',
  stimulus: 'list1/30-38-4-074-AB.png'
}
req.body
{
  rt: 1783,
  trial_type: 'image-slider-response',
  trial_index: 12,
  time_elapsed: 54186,
  internal_node_id: 0,
  response: '22',
  pic: 'list1/15- 2021-10-corrugated steel-A.png',
  block: 'blockpics',
  stimulus: 'list1/15- 2021-10-corrugated steel-A.png'
}
req.body
{
  rt: 1733,
  trial_type: 'image-slider-response',
  trial_index: 13,
  time_elapsed: 55921,
  internal_node_id: 0,
  response: '69',
  pic: 'list1/5-13-9-metal007-AB.png',
  block: 'blockpics',
  stimulus: 'list1/5-13-9-metal007-AB.png'
}
req.body
{
  rt: 9383,
  trial_type: 'image-slider-response',
  trial_index: 14,
  time_elapsed: 65305,
  internal_node_id: 0,
  response: '74',
  pic: 'list1/6-1017-5-074-AB.png',
  block: 'blockpics',
  stimulus: 'list1/6-1017-5-074-AB.png'
}
req.body
{
  rt: 1598,
  trial_type: 'image-slider-response',
  trial_index: 15,
  time_elapsed: 66905,
  internal_node_id: 0,
  response: '27',
  pic: 'list1/22-89-13-printedmaterial007-A.png',
  block: 'blockpics',
  stimulus: 'list1/22-89-13-printedmaterial007-A.png'
}
req.body
{
  rt: 1949,
  trial_type: 'image-slider-response',
  trial_index: 16,
  time_elapsed: 68855,
  internal_node_id: 0,
  response: '77',
  pic: 'list1/28-2000-7-printedmaterial007-A.png',
  block: 'blockpics',
  stimulus: 'list1/28-2000-7-printedmaterial007-A.png'
}
req.body
{
  rt: 2064,
  trial_type: 'image-slider-response',
  trial_index: 17,
  time_elapsed: 70921,
  internal_node_id: 0,
  response: '25',
  pic: 'list1/24-32-3-074-AB.png',
  block: 'blockpics',
  stimulus: 'list1/24-32-3-074-AB.png'
}
req.body
{
  rt: 1866,
  trial_type: 'image-slider-response',
  trial_index: 18,
  time_elapsed: 72789,
  internal_node_id: 0,
  response: '64',
  pic: 'list1/1-1016-1-031-A.png',
  block: 'blockpics',
  stimulus: 'list1/1-1016-1-031-A.png'
}
req.body
{
  rt: 1596,
  trial_type: 'image-slider-response',
  trial_index: 19,
  time_elapsed: 74386,
  internal_node_id: 0,
  response: '18',
  pic: 'list1/23-69-16-metal007-AB.png',
  block: 'blockpics',
  stimulus: 'list1/23-69-16-metal007-AB.png'
}
req.body
{
  rt: 1400,
  trial_type: 'image-slider-response',
  trial_index: 20,
  time_elapsed: 75787,
  internal_node_id: 0,
  response: '75',
  pic: 'list1/3-1016-6-corrugatedsteel-A.png',
  block: 'blockpics',
  stimulus: 'list1/3-1016-6-corrugatedsteel-A.png'
}
req.body
{
  rt: 1600,
  trial_type: 'image-slider-response',
  trial_index: 21,
  time_elapsed: 77388,
  internal_node_id: 0,
  response: '29',
  pic: 'list1/12-87-7-metal007-AB.png',
  block: 'blockpics',
  stimulus: 'list1/12-87-7-metal007-AB.png'
}
req.body
{
  rt: 1732,
  trial_type: 'image-slider-response',
  trial_index: 22,
  time_elapsed: 79121,
  internal_node_id: 0,
  response: '67',
  pic: 'list1/4-68-9-printedmaterial007-A.png',
  block: 'blockpics',
  stimulus: 'list1/4-68-9-printedmaterial007-A.png'
}
req.body
{
  rt: 1914,
  trial_type: 'image-slider-response',
  trial_index: 23,
  time_elapsed: 81037,
  internal_node_id: 0,
  response: '25',
  pic: 'list1/2-42-5-fabric05-AB.png',
  block: 'blockpics',
  stimulus: 'list1/2-42-5-fabric05-AB.png'
}
req.body
{
  rt: 1933,
  trial_type: 'image-slider-response',
  trial_index: 24,
  time_elapsed: 82971,
  internal_node_id: 0,
  response: '71',
  pic: 'list1/11-34-9-metal007-AB.png',
  block: 'blockpics',
  stimulus: 'list1/11-34-9-metal007-AB.png'
}
req.body
{
  rt: 1613,
  trial_type: 'image-slider-response',
  trial_index: 25,
  time_elapsed: 84587,
  internal_node_id: 0,
  response: '33',
  pic: 'list1/17-224-12-metal007-AB.png',
  block: 'blockpics',
  stimulus: 'list1/17-224-12-metal007-AB.png'
}
req.body
{
  rt: 1682,
  trial_type: 'image-slider-response',
  trial_index: 26,
  time_elapsed: 86270,
  internal_node_id: 0,
  response: '64',
  pic: 'list1/10-3-8-corrugatedsteel-A.png',
  block: 'blockpics',
  stimulus: 'list1/10-3-8-corrugatedsteel-A.png'
}
req.body
{
  rt: 1732,
  trial_type: 'image-slider-response',
  trial_index: 27,
  time_elapsed: 88003,
  internal_node_id: 0,
  response: '26',
  pic: 'list1/7-15-8-fabric031-AB.png',
  block: 'blockpics',
  stimulus: 'list1/7-15-8-fabric031-AB.png'
}
req.body
{
  rt: 1782,
  trial_type: 'image-slider-response',
  trial_index: 28,
  time_elapsed: 89787,
  internal_node_id: 0,
  response: '71',
  pic: 'list1/21-82-9-corrugatedsteel-A.png',
  block: 'blockpics',
  stimulus: 'list1/21-82-9-corrugatedsteel-A.png'
}
req.body
{
  rt: 1848,
  trial_type: 'image-slider-response',
  trial_index: 29,
  time_elapsed: 91637,
  internal_node_id: 0,
  response: '28',
  pic: 'list1/26-276-3-fabric05-AB.png',
  block: 'blockpics',
  stimulus: 'list1/26-276-3-fabric05-AB.png'
}
req.body
{
  rt: 1632,
  trial_type: 'image-slider-response',
  trial_index: 30,
  time_elapsed: 93270,
  internal_node_id: 0,
  response: '68',
  pic: 'list1/27-5-5-corrugatedsteel-A.png',
  block: 'blockpics',
  stimulus: 'list1/27-5-5-corrugatedsteel-A.png'
}
req.body
{
  rt: 1932,
  trial_type: 'image-slider-response',
  trial_index: 31,
  time_elapsed: 95204,
  internal_node_id: 0,
  response: '34',
  pic: 'list1/19-1024-4-031-AB.png',
  block: 'blockpics',
  stimulus: 'list1/19-1024-4-031-AB.png'
}
req.body
{
  rt: 1731,
  trial_type: 'image-slider-response',
  trial_index: 32,
  time_elapsed: 96937,
  internal_node_id: 0,
  response: '78',
  pic: 'list1/18-1022-2-074-AB.png',
  block: 'blockpics',
  stimulus: 'list1/18-1022-2-074-AB.png'
}
req.body
{
  rt: 1865,
  trial_type: 'image-slider-response',
  trial_index: 33,
  time_elapsed: 98803,
  internal_node_id: 0,
  response: '19',
  pic: 'list1/9-27-9-corrguatedsteel-A.png',
  block: 'blockpics',
  stimulus: 'list1/9-27-9-corrguatedsteel-A.png'
}
req.body
{
  rt: 1498,
  trial_type: 'image-slider-response',
  trial_index: 34,
  time_elapsed: 100303,
  internal_node_id: 0,
  response: '70',
  pic: 'list1/16-53-11-printedmaterial007-A.png',
  block: 'blockpics',
  stimulus: 'list1/16-53-11-printedmaterial007-A.png'
}
req.body
{
  rt: 1982,
  trial_type: 'image-slider-response',
  trial_index: 35,
  time_elapsed: 102287,
  internal_node_id: 0,
  response: '26',
  pic: 'list1/20-64-6-fabric05-AB.png',
  block: 'blockpics',
  stimulus: 'list1/20-64-6-fabric05-AB.png'
}
req.body
{
  rt: 2048,
  trial_type: 'image-slider-response',
  trial_index: 36,
  time_elapsed: 104337,
  internal_node_id: 0,
  response: '72',
  pic: 'list1/8-25-8-fabric05-AB.png',
  block: 'blockpics',
  stimulus: 'list1/8-25-8-fabric05-AB.png'
}
req.body
{
  rt: 1948,
  trial_type: 'image-slider-response',
  trial_index: 37,
  time_elapsed: 106287,
  internal_node_id: 0,
  response: '31',
  pic: 'list1/25-4-5-031-AB.png',
  block: 'blockpics',
  stimulus: 'list1/25-4-5-031-AB.png'
}
req.body
{
  rt: 1150,
  trial_type: 'instructions',
  trial_index: 38,
  time_elapsed: 107437,
  internal_node_id: 0
}
req.body
{
  rt: 1064,
  trial_type: 'instructions',
  trial_index: 0,
  time_elapsed: 1065,
  internal_node_id: 0,
  subject: '63506577ba51b2fff7a7b6c7',
  study_id: '676a5c1061b4a84202022a46',
  session_id: '0tf63nrchtl'
}
req.body
{
  rt: 776,
  trial_type: 'instructions',
  trial_index: 1,
  time_elapsed: 1842,
  internal_node_id: 0,
  subject: '63506577ba51b2fff7a7b6c7',
  study_id: '676a5c1061b4a84202022a46',
  session_id: '0tf63nrchtl'
}
req.body
{
  rt: 3319,
  trial_type: 'image-slider-response',
  trial_index: 2,
  time_elapsed: 5163,
  internal_node_id: 0,
  subject: '63506577ba51b2fff7a7b6c7',
  response: '75',
  pic: 'square.png',
  block: 'practice block',
  study_id: '676a5c1061b4a84202022a46',
  stimulus: 'square.png',
  session_id: '0tf63nrchtl'
}
req.body
{
  rt: 1176,
  trial_type: 'html-button-response',
  trial_index: 3,
  time_elapsed: 6344,
  internal_node_id: 0,
  subject: '63506577ba51b2fff7a7b6c7',
  response: '0',
  study_id: '676a5c1061b4a84202022a46',
  stimulus: "<p style='color:red; font-size:20px;'>❌ Oops! Slide left for simple objects. </p>",
  session_id: '0tf63nrchtl'
}
req.body
{
  rt: 2097,
  trial_type: 'image-slider-response',
  trial_index: 4,
  time_elapsed: 8442,
  internal_node_id: 0,
  subject: '63506577ba51b2fff7a7b6c7',
  response: '25',
  pic: 'circle.png',
  block: 'practice block',
  study_id: '676a5c1061b4a84202022a46',
  stimulus: 'circle.png',
  session_id: '0tf63nrchtl'
}
req.body
{
  rt: 1633,
  trial_type: 'html-button-response',
  trial_index: 5,
  time_elapsed: 10076,
  internal_node_id: 0,
  subject: '63506577ba51b2fff7a7b6c7',
  response: '0',
  study_id: '676a5c1061b4a84202022a46',
  stimulus: "<p style='color:green; font-size:20px;'>✅ Correct! Slide left for simple objects.\n" +
    '            </p>',
  session_id: '0tf63nrchtl'
}
req.body
{
  rt: 2720,
  trial_type: 'image-slider-response',
  trial_index: 6,
  time_elapsed: 12797,
  internal_node_id: 0,
  subject: '63506577ba51b2fff7a7b6c7',
  response: '57',
  pic: 'heptagon.png',
  block: 'practice block',
  study_id: '676a5c1061b4a84202022a46',
  stimulus: 'heptagon.png',
  session_id: '0tf63nrchtl'
}
req.body
{
  rt: 930,
  trial_type: 'html-button-response',
  trial_index: 7,
  time_elapsed: 13729,
  internal_node_id: 0,
  subject: '63506577ba51b2fff7a7b6c7',
  response: '0',
  study_id: '676a5c1061b4a84202022a46',
  stimulus: "<p style='color:green; font-size:20px;'>✅ Correct! Slide right for complex objects.\n" +
    '            </p>',
  session_id: '0tf63nrchtl'
}
req.body
{
  rt: 1846,
  trial_type: 'image-slider-response',
  trial_index: 8,
  time_elapsed: 15576,
  internal_node_id: 0,
  subject: '63506577ba51b2fff7a7b6c7',
  response: '40',
  pic: 'concave.png',
  block: 'practice block',
  study_id: '676a5c1061b4a84202022a46',
  stimulus: 'concave.png',
  session_id: '0tf63nrchtl'
}
req.body
{
  rt: 1665,
  trial_type: 'html-button-response',
  trial_index: 9,
  time_elapsed: 17244,
  internal_node_id: 0,
  subject: '63506577ba51b2fff7a7b6c7',
  response: '0',
  study_id: '676a5c1061b4a84202022a46',
  stimulus: "<p style='color:red; font-size:20px;'>❌ Oops! Slide right for complex objects. </p>",
  session_id: '0tf63nrchtl'
}
req.body
{
  rt: 4865,
  trial_type: 'image-slider-response',
  trial_index: 12,
  time_elapsed: 49032,
  internal_node_id: 0,
  subject: '63506577ba51b2fff7a7b6c7',
  response: '38',
  pic: 'list1/16-53-11-printedmaterial007-A.png',
  block: 'blockpics',
  study_id: '676a5c1061b4a84202022a46',
  stimulus: 'list1/16-53-11-printedmaterial007-A.png',
  session_id: '0tf63nrchtl'
}
req.body
{
  rt: 1485,
  trial_type: 'instructions',
  trial_index: 10,
  time_elapsed: 18729,
  internal_node_id: 0,
  subject: '63506577ba51b2fff7a7b6c7',
  study_id: '676a5c1061b4a84202022a46',
  session_id: '0tf63nrchtl'
}
req.body
{
  rt: 25432,
  trial_type: 'image-slider-response',
  trial_index: 11,
  time_elapsed: 44164,
  internal_node_id: 0,
  subject: '63506577ba51b2fff7a7b6c7',
  response: '56',
  pic: 'list1/8-25-8-fabric05-AB.png',
  block: 'blockpics',
  study_id: '676a5c1061b4a84202022a46',
  stimulus: 'list1/8-25-8-fabric05-AB.png',
  session_id: '0tf63nrchtl'
}
req.body
{
  rt: 2393,
  trial_type: 'image-slider-response',
  trial_index: 13,
  time_elapsed: 51427,
  internal_node_id: 0,
  subject: '63506577ba51b2fff7a7b6c7',
  response: '60',
  pic: 'list1/10-3-8-corrugatedsteel-A.png',
  block: 'blockpics',
  study_id: '676a5c1061b4a84202022a46',
  stimulus: 'list1/10-3-8-corrugatedsteel-A.png',
  session_id: '0tf63nrchtl'
}
req.body
{
  rt: 3498,
  trial_type: 'image-slider-response',
  trial_index: 14,
  time_elapsed: 54927,
  internal_node_id: 0,
  subject: '63506577ba51b2fff7a7b6c7',
  response: '59',
  pic: 'list1/18-1022-2-074-AB.png',
  block: 'blockpics',
  study_id: '676a5c1061b4a84202022a46',
  stimulus: 'list1/18-1022-2-074-AB.png',
  session_id: '0tf63nrchtl'
}
req.body
{
  rt: 2731,
  trial_type: 'image-slider-response',
  trial_index: 15,
  time_elapsed: 57660,
  internal_node_id: 0,
  subject: '63506577ba51b2fff7a7b6c7',
  response: '67',
  pic: 'list1/23-69-16-metal007-AB.png',
  block: 'blockpics',
  study_id: '676a5c1061b4a84202022a46',
  stimulus: 'list1/23-69-16-metal007-AB.png',
  session_id: '0tf63nrchtl'
}
req.body
{
  rt: 2831,
  trial_type: 'image-slider-response',
  trial_index: 16,
  time_elapsed: 60493,
  internal_node_id: 0,
  subject: '63506577ba51b2fff7a7b6c7',
  response: '34',
  pic: 'list1/1-1016-1-031-A.png',
  block: 'blockpics',
  study_id: '676a5c1061b4a84202022a46',
  stimulus: 'list1/1-1016-1-031-A.png',
  session_id: '0tf63nrchtl'
}
req.body
{
  rt: 1815,
  trial_type: 'image-slider-response',
  trial_index: 17,
  time_elapsed: 62310,
  internal_node_id: 0,
  subject: '63506577ba51b2fff7a7b6c7',
  response: '75',
  pic: 'list1/17-224-12-metal007-AB.png',
  block: 'blockpics',
  study_id: '676a5c1061b4a84202022a46',
  stimulus: 'list1/17-224-12-metal007-AB.png',
  session_id: '0tf63nrchtl'
}
req.body
{
  rt: 3031,
  trial_type: 'image-slider-response',
  trial_index: 18,
  time_elapsed: 65343,
  internal_node_id: 0,
  subject: '63506577ba51b2fff7a7b6c7',
  response: '64',
  pic: 'list1/26-276-3-fabric05-AB.png',
  block: 'blockpics',
  study_id: '676a5c1061b4a84202022a46',
  stimulus: 'list1/26-276-3-fabric05-AB.png',
  session_id: '0tf63nrchtl'
}
req.body
{
  rt: 3131,
  trial_type: 'image-slider-response',
  trial_index: 19,
  time_elapsed: 68477,
  internal_node_id: 0,
  subject: '63506577ba51b2fff7a7b6c7',
  response: '38',
  pic: 'list1/30-38-4-074-AB.png',
  block: 'blockpics',
  study_id: '676a5c1061b4a84202022a46',
  stimulus: 'list1/30-38-4-074-AB.png',
  session_id: '0tf63nrchtl'
}
req.body
{
  rt: 2165,
  trial_type: 'image-slider-response',
  trial_index: 20,
  time_elapsed: 70643,
  internal_node_id: 0,
  subject: '63506577ba51b2fff7a7b6c7',
  response: '65',
  pic: 'list1/12-87-7-metal007-AB.png',
  block: 'blockpics',
  study_id: '676a5c1061b4a84202022a46',
  stimulus: 'list1/12-87-7-metal007-AB.png',
  session_id: '0tf63nrchtl'
}
req.body
{
  rt: 2348,
  trial_type: 'image-slider-response',
  trial_index: 21,
  time_elapsed: 72994,
  internal_node_id: 0,
  subject: '63506577ba51b2fff7a7b6c7',
  response: '36',
  pic: 'list1/15- 2021-10-corrugated steel-A.png',
  block: 'blockpics',
  study_id: '676a5c1061b4a84202022a46',
  stimulus: 'list1/15- 2021-10-corrugated steel-A.png',
  session_id: '0tf63nrchtl'
}
req.body
{
  rt: 1781,
  trial_type: 'image-slider-response',
  trial_index: 23,
  time_elapsed: 76560,
  internal_node_id: 0,
  subject: '63506577ba51b2fff7a7b6c7',
  response: '36',
  pic: 'list1/29-17-7-metal007-AB.png',
  block: 'blockpics',
  study_id: '676a5c1061b4a84202022a46',
  stimulus: 'list1/29-17-7-metal007-AB.png',
  session_id: '0tf63nrchtl'
}
req.body
{
  rt: 1782,
  trial_type: 'image-slider-response',
  trial_index: 22,
  time_elapsed: 74777,
  internal_node_id: 0,
  subject: '63506577ba51b2fff7a7b6c7',
  response: '64',
  pic: 'list1/4-68-9-printedmaterial007-A.png',
  block: 'blockpics',
  study_id: '676a5c1061b4a84202022a46',
  stimulus: 'list1/4-68-9-printedmaterial007-A.png',
  session_id: '0tf63nrchtl'
}
req.body
{
  rt: 1982,
  trial_type: 'image-slider-response',
  trial_index: 24,
  time_elapsed: 78544,
  internal_node_id: 0,
  subject: '63506577ba51b2fff7a7b6c7',
  response: '70',
  pic: 'list1/19-1024-4-031-AB.png',
  block: 'blockpics',
  study_id: '676a5c1061b4a84202022a46',
  stimulus: 'list1/19-1024-4-031-AB.png',
  session_id: '0tf63nrchtl'
}
req.body
{
  rt: 2098,
  trial_type: 'image-slider-response',
  trial_index: 25,
  time_elapsed: 80644,
  internal_node_id: 0,
  subject: '63506577ba51b2fff7a7b6c7',
  response: '37',
  pic: 'list1/25-4-5-031-AB.png',
  block: 'blockpics',
  study_id: '676a5c1061b4a84202022a46',
  stimulus: 'list1/25-4-5-031-AB.png',
  session_id: '0tf63nrchtl'
}
req.body
{
  rt: 2065,
  trial_type: 'image-slider-response',
  trial_index: 26,
  time_elapsed: 82710,
  internal_node_id: 0,
  subject: '63506577ba51b2fff7a7b6c7',
  response: '70',
  pic: 'list1/28-2000-7-printedmaterial007-A.png',
  block: 'blockpics',
  study_id: '676a5c1061b4a84202022a46',
  stimulus: 'list1/28-2000-7-printedmaterial007-A.png',
  session_id: '0tf63nrchtl'
}
req.body
{
  rt: 2148,
  trial_type: 'image-slider-response',
  trial_index: 27,
  time_elapsed: 84860,
  internal_node_id: 0,
  subject: '63506577ba51b2fff7a7b6c7',
  response: '30',
  pic: 'list1/9-27-9-corrguatedsteel-A.png',
  block: 'blockpics',
  study_id: '676a5c1061b4a84202022a46',
  stimulus: 'list1/9-27-9-corrguatedsteel-A.png',
  session_id: '0tf63nrchtl'
}
req.body
{
  rt: 1881,
  trial_type: 'image-slider-response',
  trial_index: 28,
  time_elapsed: 86744,
  internal_node_id: 0,
  subject: '63506577ba51b2fff7a7b6c7',
  response: '65',
  pic: 'list1/5-13-9-metal007-AB.png',
  block: 'blockpics',
  study_id: '676a5c1061b4a84202022a46',
  stimulus: 'list1/5-13-9-metal007-AB.png',
  session_id: '0tf63nrchtl'
}
req.body
{
  rt: 2048,
  trial_type: 'image-slider-response',
  trial_index: 29,
  time_elapsed: 88794,
  internal_node_id: 0,
  subject: '63506577ba51b2fff7a7b6c7',
  response: '30',
  pic: 'list1/3-1016-6-corrugatedsteel-A.png',
  block: 'blockpics',
  study_id: '676a5c1061b4a84202022a46',
  stimulus: 'list1/3-1016-6-corrugatedsteel-A.png',
  session_id: '0tf63nrchtl'
}
req.body
{
  rt: 1865,
  trial_type: 'image-slider-response',
  trial_index: 30,
  time_elapsed: 90660,
  internal_node_id: 0,
  subject: '63506577ba51b2fff7a7b6c7',
  response: '69',
  pic: 'list1/11-34-9-metal007-AB.png',
  block: 'blockpics',
  study_id: '676a5c1061b4a84202022a46',
  stimulus: 'list1/11-34-9-metal007-AB.png',
  session_id: '0tf63nrchtl'
}
req.body
{
  rt: 2031,
  trial_type: 'image-slider-response',
  trial_index: 32,
  time_elapsed: 94761,
  internal_node_id: 0,
  subject: '63506577ba51b2fff7a7b6c7',
  response: '66',
  pic: 'list1/7-15-8-fabric031-AB.png',
  block: 'blockpics',
  study_id: '676a5c1061b4a84202022a46',
  stimulus: 'list1/7-15-8-fabric031-AB.png',
  session_id: '0tf63nrchtl'
}
req.body
{
  rt: 2065,
  trial_type: 'image-slider-response',
  trial_index: 31,
  time_elapsed: 92727,
  internal_node_id: 0,
  subject: '63506577ba51b2fff7a7b6c7',
  response: '37',
  pic: 'list1/27-5-5-corrugatedsteel-A.png',
  block: 'blockpics',
  study_id: '676a5c1061b4a84202022a46',
  stimulus: 'list1/27-5-5-corrugatedsteel-A.png',
  session_id: '0tf63nrchtl'
}
req.body
{
  rt: 3015,
  trial_type: 'image-slider-response',
  trial_index: 33,
  time_elapsed: 97777,
  internal_node_id: 0,
  subject: '63506577ba51b2fff7a7b6c7',
  response: '35',
  pic: 'list1/21-82-9-corrugatedsteel-A.png',
  block: 'blockpics',
  study_id: '676a5c1061b4a84202022a46',
  stimulus: 'list1/21-82-9-corrugatedsteel-A.png',
  session_id: '0tf63nrchtl'
}
req.body
{
  rt: 2548,
  trial_type: 'image-slider-response',
  trial_index: 34,
  time_elapsed: 100327,
  internal_node_id: 0,
  subject: '63506577ba51b2fff7a7b6c7',
  response: '70',
  pic: 'list1/2-42-5-fabric05-AB.png',
  block: 'blockpics',
  study_id: '676a5c1061b4a84202022a46',
  stimulus: 'list1/2-42-5-fabric05-AB.png',
  session_id: '0tf63nrchtl'
}
req.body
{
  rt: 2349,
  trial_type: 'image-slider-response',
  trial_index: 35,
  time_elapsed: 102678,
  internal_node_id: 0,
  subject: '63506577ba51b2fff7a7b6c7',
  response: '36',
  pic: 'list1/6-1017-5-074-AB.png',
  block: 'blockpics',
  study_id: '676a5c1061b4a84202022a46',
  stimulus: 'list1/6-1017-5-074-AB.png',
  session_id: '0tf63nrchtl'
}
req.body
{
  rt: 2314,
  trial_type: 'image-slider-response',
  trial_index: 36,
  time_elapsed: 104994,
  internal_node_id: 0,
  subject: '63506577ba51b2fff7a7b6c7',
  response: '69',
  pic: 'list1/22-89-13-printedmaterial007-A.png',
  block: 'blockpics',
  study_id: '676a5c1061b4a84202022a46',
  stimulus: 'list1/22-89-13-printedmaterial007-A.png',
  session_id: '0tf63nrchtl'
}
req.body
{
  rt: 1981,
  trial_type: 'image-slider-response',
  trial_index: 37,
  time_elapsed: 106977,
  internal_node_id: 0,
  subject: '63506577ba51b2fff7a7b6c7',
  response: '34',
  pic: 'list1/24-32-3-074-AB.png',
  block: 'blockpics',
  study_id: '676a5c1061b4a84202022a46',
  stimulus: 'list1/24-32-3-074-AB.png',
  session_id: '0tf63nrchtl'
}
req.body
{
  rt: 2982,
  trial_type: 'image-slider-response',
  trial_index: 38,
  time_elapsed: 109961,
  internal_node_id: 0,
  subject: '63506577ba51b2fff7a7b6c7',
  response: '67',
  pic: 'list1/13-57-6-031-AB.png',
  block: 'blockpics',
  study_id: '676a5c1061b4a84202022a46',
  stimulus: 'list1/13-57-6-031-AB.png',
  session_id: '0tf63nrchtl'
}
req.body
{
  rt: 2431,
  trial_type: 'image-slider-response',
  trial_index: 39,
  time_elapsed: 112394,
  internal_node_id: 0,
  subject: '63506577ba51b2fff7a7b6c7',
  response: '35',
  pic: 'list1/14-59-9-fabric05-AB.png',
  block: 'blockpics',
  study_id: '676a5c1061b4a84202022a46',
  stimulus: 'list1/14-59-9-fabric05-AB.png',
  session_id: '0tf63nrchtl'
}
req.body
{
  rt: 2182,
  trial_type: 'image-slider-response',
  trial_index: 40,
  time_elapsed: 114577,
  internal_node_id: 0,
  subject: '63506577ba51b2fff7a7b6c7',
  response: '69',
  pic: 'list1/20-64-6-fabric05-AB.png',
  block: 'blockpics',
  study_id: '676a5c1061b4a84202022a46',
  stimulus: 'list1/20-64-6-fabric05-AB.png',
  session_id: '0tf63nrchtl'
}
req.body
{
  rt: 1766,
  trial_type: 'instructions',
  trial_index: 41,
  time_elapsed: 116345,
  internal_node_id: 0,
  subject: '63506577ba51b2fff7a7b6c7',
  study_id: '676a5c1061b4a84202022a46',
  session_id: '0tf63nrchtl'
}
req.body
{
  rt: 2525,
  trial_type: 'instructions',
  trial_index: 0,
  time_elapsed: 2526,
  internal_node_id: 0,
  subject: '63506577ba51b2fff7a7b6c7',
  study_id: '676a5c1061b4a84202022a46',
  session_id: '0977af5t0wzv'
}
req.body
{
  rt: 748,
  trial_type: 'html-button-response',
  trial_index: 5,
  time_elapsed: 10792,
  internal_node_id: 0,
  subject: '63506577ba51b2fff7a7b6c7',
  response: '0',
  study_id: '676a5c1061b4a84202022a46',
  stimulus: "<p style='color:red; font-size:22px; font-weight:bold;'>❌ Oops! Try again.</p>\n" +
    "               <p style='font-size:18px; color:#333;'>You should slide <strong>right</strong> for complex objects.</p>",
  session_id: '0977af5t0wzv'
}
req.body
{
  rt: 1698,
  trial_type: 'image-slider-response',
  trial_index: 4,
  time_elapsed: 10043,
  internal_node_id: 0,
  subject: '63506577ba51b2fff7a7b6c7',
  response: '40',
  pic: 'concave.png',
  block: 'practice block',
  study_id: '676a5c1061b4a84202022a46',
  stimulus: 'concave.png',
  session_id: '0977af5t0wzv'
}
req.body
{
  rt: 733,
  trial_type: 'html-button-response',
  trial_index: 3,
  time_elapsed: 8343,
  internal_node_id: 0,
  subject: '63506577ba51b2fff7a7b6c7',
  response: '0',
  study_id: '676a5c1061b4a84202022a46',
  stimulus: "<p style='color:red; font-size:22px; font-weight:bold;'>❌ Oops! Try again.</p>\n" +
    "               <p style='font-size:18px; color:#333;'>You should slide <strong>left</strong> for simple objects.</p>",
  session_id: '0977af5t0wzv'
}
req.body
{
  rt: 1165,
  trial_type: 'instructions',
  trial_index: 1,
  time_elapsed: 3692,
  internal_node_id: 0,
  subject: '63506577ba51b2fff7a7b6c7',
  study_id: '676a5c1061b4a84202022a46',
  session_id: '0977af5t0wzv'
}
req.body
{
  rt: 3914,
  trial_type: 'image-slider-response',
  trial_index: 2,
  time_elapsed: 7609,
  internal_node_id: 0,
  subject: '63506577ba51b2fff7a7b6c7',
  response: '57',
  pic: 'circle.png',
  block: 'practice block',
  study_id: '676a5c1061b4a84202022a46',
  stimulus: 'circle.png',
  session_id: '0977af5t0wzv'
}
req.body
{
  rt: 1465,
  trial_type: 'image-slider-response',
  trial_index: 6,
  time_elapsed: 12259,
  internal_node_id: 0,
  subject: '63506577ba51b2fff7a7b6c7',
  response: '55',
  pic: 'square.png',
  block: 'practice block',
  study_id: '676a5c1061b4a84202022a46',
  stimulus: 'square.png',
  session_id: '0977af5t0wzv'
}
req.body
{
  rt: 748,
  trial_type: 'html-button-response',
  trial_index: 7,
  time_elapsed: 13009,
  internal_node_id: 0,
  subject: '63506577ba51b2fff7a7b6c7',
  response: '0',
  study_id: '676a5c1061b4a84202022a46',
  stimulus: "<p style='color:red; font-size:22px; font-weight:bold;'>❌ Oops! Try again.</p>\n" +
    "               <p style='font-size:18px; color:#333;'>You should slide <strong>left</strong> for simple objects.</p>",
  session_id: '0977af5t0wzv'
}
req.body
{
  rt: 1582,
  trial_type: 'image-slider-response',
  trial_index: 8,
  time_elapsed: 14593,
  internal_node_id: 0,
  subject: '63506577ba51b2fff7a7b6c7',
  response: '56',
  pic: 'heptagon.png',
  block: 'practice block',
  study_id: '676a5c1061b4a84202022a46',
  stimulus: 'heptagon.png',
  session_id: '0977af5t0wzv'
}
req.body
{
  rt: 814,
  trial_type: 'html-button-response',
  trial_index: 9,
  time_elapsed: 15408,
  internal_node_id: 0,
  subject: '63506577ba51b2fff7a7b6c7',
  response: '0',
  study_id: '676a5c1061b4a84202022a46',
  stimulus: "<p style='color:green; font-size:22px; font-weight:bold;'>✅ Correct!</p>\n" +
    "               <p style='font-size:18px; color:#333;'>Remember: Move the slider <strong>right</strong> for complex objects.</p>",
  session_id: '0977af5t0wzv'
}
req.body
{
  rt: 718,
  trial_type: 'instructions',
  trial_index: 10,
  time_elapsed: 16126,
  internal_node_id: 0,
  subject: '63506577ba51b2fff7a7b6c7',
  study_id: '676a5c1061b4a84202022a46',
  session_id: '0977af5t0wzv'
}
req.body
{
  rt: 1914,
  trial_type: 'image-slider-response',
  trial_index: 11,
  time_elapsed: 18043,
  internal_node_id: 0,
  subject: '63506577ba51b2fff7a7b6c7',
  response: '61',
  pic: 'list6/1-1016-1-074-AB.png',
  block: 'blockpics',
  study_id: '676a5c1061b4a84202022a46',
  stimulus: 'list6/1-1016-1-074-AB.png',
  session_id: '0977af5t0wzv'
}
req.body
{
  rt: 1514,
  trial_type: 'image-slider-response',
  trial_index: 12,
  time_elapsed: 19559,
  internal_node_id: 0,
  subject: '63506577ba51b2fff7a7b6c7',
  response: '58',
  pic: 'list6/11-34-9-printedmaterial007-A.png',
  block: 'blockpics',
  study_id: '676a5c1061b4a84202022a46',
  stimulus: 'list6/11-34-9-printedmaterial007-A.png',
  session_id: '0977af5t0wzv'
}
req.body
{
  rt: 1715,
  trial_type: 'image-slider-response',
  trial_index: 13,
  time_elapsed: 21276,
  internal_node_id: 0,
  subject: '63506577ba51b2fff7a7b6c7',
  response: '58',
  pic: 'list6/19-1024-4-074-AB.png',
  block: 'blockpics',
  study_id: '676a5c1061b4a84202022a46',
  stimulus: 'list6/19-1024-4-074-AB.png',
  session_id: '0977af5t0wzv'
}
req.body
{
  rt: 1481,
  trial_type: 'image-slider-response',
  trial_index: 14,
  time_elapsed: 22759,
  internal_node_id: 0,
  subject: '63506577ba51b2fff7a7b6c7',
  response: '57',
  pic: 'list6/4-68-9-corrugatedsteel-A.png',
  block: 'blockpics',
  study_id: '676a5c1061b4a84202022a46',
  stimulus: 'list6/4-68-9-corrugatedsteel-A.png',
  session_id: '0977af5t0wzv'
}
req.body
{
  rt: 1798,
  trial_type: 'image-slider-response',
  trial_index: 15,
  time_elapsed: 24559,
  internal_node_id: 0,
  subject: '63506577ba51b2fff7a7b6c7',
  response: '59',
  pic: 'list6/30-38-4-metal007-AB.png',
  block: 'blockpics',
  study_id: '676a5c1061b4a84202022a46',
  stimulus: 'list6/30-38-4-metal007-AB.png',
  session_id: '0977af5t0wzv'
}
req.body
{
  rt: 1731,
  trial_type: 'image-slider-response',
  trial_index: 16,
  time_elapsed: 26293,
  internal_node_id: 0,
  subject: '63506577ba51b2fff7a7b6c7',
  response: '56',
  pic: 'list6/9-27-9-fabric05-AB.png',
  block: 'blockpics',
  study_id: '676a5c1061b4a84202022a46',
  stimulus: 'list6/9-27-9-fabric05-AB.png',
  session_id: '0977af5t0wzv'
}
req.body
{
  rt: 1565,
  trial_type: 'image-slider-response',
  trial_index: 17,
  time_elapsed: 27860,
  internal_node_id: 0,
  subject: '63506577ba51b2fff7a7b6c7',
  response: '57',
  pic: 'list6/6-1017-5-metal007-AB.png',
  block: 'blockpics',
  study_id: '676a5c1061b4a84202022a46',
  stimulus: 'list6/6-1017-5-metal007-AB.png',
  session_id: '0977af5t0wzv'
}
req.body
{
  rt: 1548,
  trial_type: 'image-slider-response',
  trial_index: 18,
  time_elapsed: 29409,
  internal_node_id: 0,
  subject: '63506577ba51b2fff7a7b6c7',
  response: '57',
  pic: 'list6/10-3-8-printedmaterial007-A.png',
  block: 'blockpics',
  study_id: '676a5c1061b4a84202022a46',
  stimulus: 'list6/10-3-8-printedmaterial007-A.png',
  session_id: '0977af5t0wzv'
}
req.body
{
  rt: 1615,
  trial_type: 'image-slider-response',
  trial_index: 19,
  time_elapsed: 31026,
  internal_node_id: 0,
  subject: '63506577ba51b2fff7a7b6c7',
  response: '59',
  pic: 'list6/23-69-16-printedmaterial007-A.png',
  block: 'blockpics',
  study_id: '676a5c1061b4a84202022a46',
  stimulus: 'list6/23-69-16-printedmaterial007-A.png',
  session_id: '0977af5t0wzv'
}
req.body
{
  rt: 1698,
  trial_type: 'image-slider-response',
  trial_index: 20,
  time_elapsed: 32725,
  internal_node_id: 0,
  subject: '63506577ba51b2fff7a7b6c7',
  response: '39',
  pic: 'list6/20-64-6-031-AB.png',
  block: 'blockpics',
  study_id: '676a5c1061b4a84202022a46',
  stimulus: 'list6/20-64-6-031-AB.png',
  session_id: '0977af5t0wzv'
}
req.body
{
  rt: 1716,
  trial_type: 'image-slider-response',
  trial_index: 21,
  time_elapsed: 34443,
  internal_node_id: 0,
  subject: '63506577ba51b2fff7a7b6c7',
  response: '62',
  pic: 'list6/18-1022-2-metal007-AB.png',
  block: 'blockpics',
  study_id: '676a5c1061b4a84202022a46',
  stimulus: 'list6/18-1022-2-metal007-AB.png',
  session_id: '0977af5t0wzv'
}
req.body
{
  rt: 2898,
  trial_type: 'image-slider-response',
  trial_index: 22,
  time_elapsed: 37343,
  internal_node_id: 0,
  subject: '63506577ba51b2fff7a7b6c7',
  response: '39',
  pic: 'list6/21-82-9-fabric05-AB.png',
  block: 'blockpics',
  study_id: '676a5c1061b4a84202022a46',
  stimulus: 'list6/21-82-9-fabric05-AB.png',
  session_id: '0977af5t0wzv'
}
req.body
{
  rt: 1998,
  trial_type: 'image-slider-response',
  trial_index: 23,
  time_elapsed: 39343,
  internal_node_id: 0,
  subject: '63506577ba51b2fff7a7b6c7',
  response: '62',
  pic: 'list6/5-13-9-printed material 007-A.png',
  block: 'blockpics',
  study_id: '676a5c1061b4a84202022a46',
  stimulus: 'list6/5-13-9-printed material 007-A.png',
  session_id: '0977af5t0wzv'
}
req.body
{
  rt: 2331,
  trial_type: 'image-slider-response',
  trial_index: 24,
  time_elapsed: 41677,
  internal_node_id: 0,
  subject: '63506577ba51b2fff7a7b6c7',
  response: '64',
  pic: 'list6/14-59-9-031-AB.png',
  block: 'blockpics',
  study_id: '676a5c1061b4a84202022a46',
  stimulus: 'list6/14-59-9-031-AB.png',
  session_id: '0977af5t0wzv'
}
req.body
{
  rt: 3281,
  trial_type: 'image-slider-response',
  trial_index: 25,
  time_elapsed: 44960,
  internal_node_id: 0,
  subject: '63506577ba51b2fff7a7b6c7',
  response: '65',
  pic: 'list6/13-57-6-074-AB.png',
  block: 'blockpics',
  study_id: '676a5c1061b4a84202022a46',
  stimulus: 'list6/13-57-6-074-AB.png',
  session_id: '0977af5t0wzv'
}
req.body
{
  rt: 2131,
  trial_type: 'image-slider-response',
  trial_index: 26,
  time_elapsed: 47093,
  internal_node_id: 0,
  subject: '63506577ba51b2fff7a7b6c7',
  response: '36',
  pic: 'list6/3-1016-6-fabric05-AB.png',
  block: 'blockpics',
  study_id: '676a5c1061b4a84202022a46',
  stimulus: 'list6/3-1016-6-fabric05-AB.png',
  session_id: '0977af5t0wzv'
}
req.body
{
  rt: 2248,
  trial_type: 'image-slider-response',
  trial_index: 27,
  time_elapsed: 49343,
  internal_node_id: 0,
  subject: '63506577ba51b2fff7a7b6c7',
  response: '63',
  pic: 'list6/8-25-8-031-AB.png',
  block: 'blockpics',
  study_id: '676a5c1061b4a84202022a46',
  stimulus: 'list6/8-25-8-031-AB.png',
  session_id: '0977af5t0wzv'
}
req.body
{
  rt: 2298,
  trial_type: 'image-slider-response',
  trial_index: 28,
  time_elapsed: 51643,
  internal_node_id: 0,
  subject: '63506577ba51b2fff7a7b6c7',
  response: '60',
  pic: 'list6/15- 2021-10-05- AB.png',
  block: 'blockpics',
  study_id: '676a5c1061b4a84202022a46',
  stimulus: 'list6/15- 2021-10-05- AB.png',
  session_id: '0977af5t0wzv'
}
req.body
{
  rt: 1898,
  trial_type: 'image-slider-response',
  trial_index: 29,
  time_elapsed: 53543,
  internal_node_id: 0,
  subject: '63506577ba51b2fff7a7b6c7',
  response: '64',
  pic: 'list6/29-17-7-printedmaterial007-A.png',
  block: 'blockpics',
  study_id: '676a5c1061b4a84202022a46',
  stimulus: 'list6/29-17-7-printedmaterial007-A.png',
  session_id: '0977af5t0wzv'
}
req.body
{
  rt: 1681,
  trial_type: 'image-slider-response',
  trial_index: 30,
  time_elapsed: 55226,
  internal_node_id: 0,
  subject: '63506577ba51b2fff7a7b6c7',
  response: '41',
  pic: 'list6/27-5-5-fabric05-AB.png',
  block: 'blockpics',
  study_id: '676a5c1061b4a84202022a46',
  stimulus: 'list6/27-5-5-fabric05-AB.png',
  session_id: '0977af5t0wzv'
}
req.body
{
  rt: 1714,
  trial_type: 'image-slider-response',
  trial_index: 31,
  time_elapsed: 56942,
  internal_node_id: 0,
  subject: '63506577ba51b2fff7a7b6c7',
  response: '61',
  pic: 'list6/25-4-5-074-AB.png',
  block: 'blockpics',
  study_id: '676a5c1061b4a84202022a46',
  stimulus: 'list6/25-4-5-074-AB.png',
  session_id: '0977af5t0wzv'
}
req.body
{
  rt: 1483,
  trial_type: 'image-slider-response',
  trial_index: 32,
  time_elapsed: 58426,
  internal_node_id: 0,
  subject: '63506577ba51b2fff7a7b6c7',
  response: '40',
  pic: 'list6/16-53-11-corrugatedsteel-A.png',
  block: 'blockpics',
  study_id: '676a5c1061b4a84202022a46',
  stimulus: 'list6/16-53-11-corrugatedsteel-A.png',
  session_id: '0977af5t0wzv'
}
req.body
{
  rt: 1448,
  trial_type: 'image-slider-response',
  trial_index: 33,
  time_elapsed: 59876,
  internal_node_id: 0,
  subject: '63506577ba51b2fff7a7b6c7',
  response: '60',
  pic: 'list6/2-42-5-031-AB.png',
  block: 'blockpics',
  study_id: '676a5c1061b4a84202022a46',
  stimulus: 'list6/2-42-5-031-AB.png',
  session_id: '0977af5t0wzv'
}
req.body
{
  rt: 1698,
  trial_type: 'image-slider-response',
  trial_index: 34,
  time_elapsed: 61576,
  internal_node_id: 0,
  subject: '63506577ba51b2fff7a7b6c7',
  response: '41',
  pic: 'list6/28-2000-7-corrugatedsteel-A.png',
  block: 'blockpics',
  study_id: '676a5c1061b4a84202022a46',
  stimulus: 'list6/28-2000-7-corrugatedsteel-A.png',
  session_id: '0977af5t0wzv'
}
req.body
{
  rt: 1498,
  trial_type: 'image-slider-response',
  trial_index: 35,
  time_elapsed: 63076,
  internal_node_id: 0,
  subject: '63506577ba51b2fff7a7b6c7',
  response: '58',
  pic: 'list6/24-32-3-metal007-AB.png',
  block: 'blockpics',
  study_id: '676a5c1061b4a84202022a46',
  stimulus: 'list6/24-32-3-metal007-AB.png',
  session_id: '0977af5t0wzv'
}
req.body
{
  rt: 1681,
  trial_type: 'image-slider-response',
  trial_index: 36,
  time_elapsed: 64759,
  internal_node_id: 0,
  subject: '63506577ba51b2fff7a7b6c7',
  response: '59',
  pic: 'list6/12-87-7-007-AB.png',
  block: 'blockpics',
  study_id: '676a5c1061b4a84202022a46',
  stimulus: 'list6/12-87-7-007-AB.png',
  session_id: '0977af5t0wzv'
}
req.body
{
  rt: 1648,
  trial_type: 'image-slider-response',
  trial_index: 37,
  time_elapsed: 66410,
  internal_node_id: 0,
  subject: '63506577ba51b2fff7a7b6c7',
  response: '39',
  pic: 'list6/17-224-12-printedmaterial007-A.png',
  block: 'blockpics',
  study_id: '676a5c1061b4a84202022a46',
  stimulus: 'list6/17-224-12-printedmaterial007-A.png',
  session_id: '0977af5t0wzv'
}
req.body
{
  rt: 2098,
  trial_type: 'image-slider-response',
  trial_index: 38,
  time_elapsed: 68510,
  internal_node_id: 0,
  subject: '63506577ba51b2fff7a7b6c7',
  response: '63',
  pic: 'list6/26-276-3-031-AB.png',
  block: 'blockpics',
  study_id: '676a5c1061b4a84202022a46',
  stimulus: 'list6/26-276-3-031-AB.png',
  session_id: '0977af5t0wzv'
}
req.body
{
  rt: 2665,
  trial_type: 'image-slider-response',
  trial_index: 39,
  time_elapsed: 71177,
  internal_node_id: 0,
  subject: '63506577ba51b2fff7a7b6c7',
  response: '35',
  pic: 'list6/22-89-13-corrugatedsteel-A.png',
  block: 'blockpics',
  study_id: '676a5c1061b4a84202022a46',
  stimulus: 'list6/22-89-13-corrugatedsteel-A.png',
  session_id: '0977af5t0wzv'
}
req.body
{
  rt: 1148,
  trial_type: 'instructions',
  trial_index: 41,
  time_elapsed: 74309,
  internal_node_id: 0,
  subject: '63506577ba51b2fff7a7b6c7',
  study_id: '676a5c1061b4a84202022a46',
  session_id: '0977af5t0wzv'
}
req.body
{
  rt: 1981,
  trial_type: 'image-slider-response',
  trial_index: 40,
  time_elapsed: 73160,
  internal_node_id: 0,
  subject: '63506577ba51b2fff7a7b6c7',
  response: '59',
  pic: 'list6/7-15-8-074-A.png',
  block: 'blockpics',
  study_id: '676a5c1061b4a84202022a46',
  stimulus: 'list6/7-15-8-074-A.png',
  session_id: '0977af5t0wzv'
}
req.body
{
  rt: 7319,
  trial_type: 'instructions',
  trial_index: 0,
  time_elapsed: 7320,
  internal_node_id: 0,
  subject: '61085f0fd327cffcea61a696',
  study_id: '676a5c1061b4a84202022a46',
  session_id: '67a97e1eaeb417c544370176'
}
req.body
{
  rt: 5928,
  trial_type: 'instructions',
  trial_index: 1,
  time_elapsed: 13248,
  internal_node_id: 0,
  subject: '61085f0fd327cffcea61a696',
  study_id: '676a5c1061b4a84202022a46',
  session_id: '67a97e1eaeb417c544370176'
}
req.body
{
  rt: 2389,
  trial_type: 'image-slider-response',
  trial_index: 2,
  time_elapsed: 15639,
  internal_node_id: 0,
  subject: '61085f0fd327cffcea61a696',
  response: '0',
  pic: 'circle.png',
  block: 'practice block',
  study_id: '676a5c1061b4a84202022a46',
  stimulus: 'circle.png',
  session_id: '67a97e1eaeb417c544370176'
}
req.body
{
  rt: 2082,
  trial_type: 'html-button-response',
  trial_index: 3,
  time_elapsed: 17722,
  internal_node_id: 0,
  subject: '61085f0fd327cffcea61a696',
  response: '0',
  study_id: '676a5c1061b4a84202022a46',
  stimulus: "<p style='color:green; font-size:22px; font-weight:bold;'>✅ Correct!</p>\n" +
    "               <p style='font-size:18px; color:#333;'>Remember: Move the slider <strong>left</strong> for simple objects.</p>",
  session_id: '67a97e1eaeb417c544370176'
}
req.body
{
  rt: 968,
  trial_type: 'html-button-response',
  trial_index: 5,
  time_elapsed: 24724,
  internal_node_id: 0,
  subject: '61085f0fd327cffcea61a696',
  response: '0',
  study_id: '676a5c1061b4a84202022a46',
  stimulus: "<p style='color:green; font-size:22px; font-weight:bold;'>✅ Correct!</p>\n" +
    "               <p style='font-size:18px; color:#333;'>Remember: Move the slider <strong>right</strong> for complex objects.</p>",
  session_id: '67a97e1eaeb417c544370176'
}
req.body
{
  rt: 6033,
  trial_type: 'image-slider-response',
  trial_index: 4,
  time_elapsed: 23756,
  internal_node_id: 0,
  subject: '61085f0fd327cffcea61a696',
  response: '78',
  pic: 'concave.png',
  block: 'practice block',
  study_id: '676a5c1061b4a84202022a46',
  stimulus: 'concave.png',
  session_id: '67a97e1eaeb417c544370176'
}
req.body
{
  rt: 3431,
  trial_type: 'image-slider-response',
  trial_index: 6,
  time_elapsed: 28155,
  internal_node_id: 0,
  subject: '61085f0fd327cffcea61a696',
  response: '54',
  pic: 'heptagon.png',
  block: 'practice block',
  study_id: '676a5c1061b4a84202022a46',
  stimulus: 'heptagon.png',
  session_id: '67a97e1eaeb417c544370176'
}
req.body
{
  rt: 727,
  trial_type: 'html-button-response',
  trial_index: 7,
  time_elapsed: 28883,
  internal_node_id: 0,
  subject: '61085f0fd327cffcea61a696',
  response: '0',
  study_id: '676a5c1061b4a84202022a46',
  stimulus: "<p style='color:green; font-size:22px; font-weight:bold;'>✅ Correct!</p>\n" +
    "               <p style='font-size:18px; color:#333;'>Remember: Move the slider <strong>right</strong> for complex objects.</p>",
  session_id: '67a97e1eaeb417c544370176'
}
req.body
{
  rt: 867,
  trial_type: 'instructions',
  trial_index: 10,
  time_elapsed: 34844,
  internal_node_id: 0,
  subject: '61085f0fd327cffcea61a696',
  study_id: '676a5c1061b4a84202022a46',
  session_id: '67a97e1eaeb417c544370176'
}
req.body
{
  rt: 4294,
  trial_type: 'image-slider-response',
  trial_index: 8,
  time_elapsed: 33177,
  internal_node_id: 0,
  subject: '61085f0fd327cffcea61a696',
  response: '11',
  pic: 'square.png',
  block: 'practice block',
  study_id: '676a5c1061b4a84202022a46',
  stimulus: 'square.png',
  session_id: '67a97e1eaeb417c544370176'
}
req.body
{
  rt: 798,
  trial_type: 'html-button-response',
  trial_index: 9,
  time_elapsed: 33976,
  internal_node_id: 0,
  subject: '61085f0fd327cffcea61a696',
  response: '0',
  study_id: '676a5c1061b4a84202022a46',
  stimulus: "<p style='color:green; font-size:22px; font-weight:bold;'>✅ Correct!</p>\n" +
    "               <p style='font-size:18px; color:#333;'>Remember: Move the slider <strong>left</strong> for simple objects.</p>",
  session_id: '67a97e1eaeb417c544370176'
}
req.body
{
  rt: 4072,
  trial_type: 'image-slider-response',
  trial_index: 11,
  time_elapsed: 38916,
  internal_node_id: 0,
  subject: '61085f0fd327cffcea61a696',
  response: '83',
  pic: 'list4/15- 2021-10-074- A.png',
  block: 'blockpics',
  study_id: '676a5c1061b4a84202022a46',
  stimulus: 'list4/15- 2021-10-074- A.png',
  session_id: '67a97e1eaeb417c544370176'
}
req.body
{
  rt: 2772,
  trial_type: 'image-slider-response',
  trial_index: 12,
  time_elapsed: 41689,
  internal_node_id: 0,
  subject: '61085f0fd327cffcea61a696',
  response: '79',
  pic: 'list4/4-68-9-074-AB.png',
  block: 'blockpics',
  study_id: '676a5c1061b4a84202022a46',
  stimulus: 'list4/4-68-9-074-AB.png',
  session_id: '67a97e1eaeb417c544370176'
}
req.body
{
  rt: 3542,
  trial_type: 'image-slider-response',
  trial_index: 13,
  time_elapsed: 45232,
  internal_node_id: 0,
  subject: '61085f0fd327cffcea61a696',
  response: '59',
  pic: 'list4/22-89-13-031-AB.png',
  block: 'blockpics',
  study_id: '676a5c1061b4a84202022a46',
  stimulus: 'list4/22-89-13-031-AB.png',
  session_id: '67a97e1eaeb417c544370176'
}
req.body
{
  rt: 3739,
  trial_type: 'image-slider-response',
  trial_index: 15,
  time_elapsed: 52170,
  internal_node_id: 0,
  subject: '61085f0fd327cffcea61a696',
  response: '48',
  pic: 'list4/25-4-5-printedmaterial007-A.png',
  block: 'blockpics',
  study_id: '676a5c1061b4a84202022a46',
  stimulus: 'list4/25-4-5-printedmaterial007-A.png',
  session_id: '67a97e1eaeb417c544370176'
}
req.body
{
  rt: 3197,
  trial_type: 'image-slider-response',
  trial_index: 14,
  time_elapsed: 48430,
  internal_node_id: 0,
  subject: '61085f0fd327cffcea61a696',
  response: '46',
  pic: 'list4/8-25-8-007-AB.png',
  block: 'blockpics',
  study_id: '676a5c1061b4a84202022a46',
  stimulus: 'list4/8-25-8-007-AB.png',
  session_id: '67a97e1eaeb417c544370176'
}
req.body
{
  rt: 2546,
  trial_type: 'image-slider-response',
  trial_index: 17,
  time_elapsed: 57094,
  internal_node_id: 0,
  subject: '61085f0fd327cffcea61a696',
  response: '61',
  pic: 'list4/21-82-9-031-AB.png',
  block: 'blockpics',
  study_id: '676a5c1061b4a84202022a46',
  stimulus: 'list4/21-82-9-031-AB.png',
  session_id: '67a97e1eaeb417c544370176'
}
req.body
{
  rt: 2579,
  trial_type: 'image-slider-response',
  trial_index: 18,
  time_elapsed: 59674,
  internal_node_id: 0,
  subject: '61085f0fd327cffcea61a696',
  response: '63',
  pic: 'list4/14-59-9-007-AB.png',
  block: 'blockpics',
  study_id: '676a5c1061b4a84202022a46',
  stimulus: 'list4/14-59-9-007-AB.png',
  session_id: '67a97e1eaeb417c544370176'
}
req.body
{
  rt: 2376,
  trial_type: 'image-slider-response',
  trial_index: 16,
  time_elapsed: 54547,
  internal_node_id: 0,
  subject: '61085f0fd327cffcea61a696',
  response: '63',
  pic: 'list4/16-53-11-031-AB.png',
  block: 'blockpics',
  study_id: '676a5c1061b4a84202022a46',
  stimulus: 'list4/16-53-11-031-AB.png',
  session_id: '67a97e1eaeb417c544370176'
}
req.body
{
  rt: 3475,
  trial_type: 'image-slider-response',
  trial_index: 19,
  time_elapsed: 63150,
  internal_node_id: 0,
  subject: '61085f0fd327cffcea61a696',
  response: '36',
  pic: 'list4/26-276-3-metal007-AB.png',
  block: 'blockpics',
  study_id: '676a5c1061b4a84202022a46',
  stimulus: 'list4/26-276-3-metal007-AB.png',
  session_id: '67a97e1eaeb417c544370176'
}
req.body
{
  rt: 4379,
  trial_type: 'image-slider-response',
  trial_index: 20,
  time_elapsed: 67530,
  internal_node_id: 0,
  subject: '61085f0fd327cffcea61a696',
  response: '45',
  pic: 'list4/20-64-6-metal007-AB.png',
  block: 'blockpics',
  study_id: '676a5c1061b4a84202022a46',
  stimulus: 'list4/20-64-6-metal007-AB.png',
  session_id: '67a97e1eaeb417c544370176'
}
req.body
{
  rt: 2730,
  trial_type: 'image-slider-response',
  trial_index: 22,
  time_elapsed: 72327,
  internal_node_id: 0,
  subject: '61085f0fd327cffcea61a696',
  response: '47',
  pic: 'list4/10-3-8-031-AB.png',
  block: 'blockpics',
  study_id: '676a5c1061b4a84202022a46',
  stimulus: 'list4/10-3-8-031-AB.png',
  session_id: '67a97e1eaeb417c544370176'
}
req.body
{
  rt: 2066,
  trial_type: 'image-slider-response',
  trial_index: 21,
  time_elapsed: 69597,
  internal_node_id: 0,
  subject: '61085f0fd327cffcea61a696',
  response: '73',
  pic: 'list4/9-27-9-074-AB.png',
  block: 'blockpics',
  study_id: '676a5c1061b4a84202022a46',
  stimulus: 'list4/9-27-9-074-AB.png',
  session_id: '67a97e1eaeb417c544370176'
}
req.body
{
  rt: 2961,
  trial_type: 'image-slider-response',
  trial_index: 23,
  time_elapsed: 75289,
  internal_node_id: 0,
  subject: '61085f0fd327cffcea61a696',
  response: '31',
  pic: 'list4/2-42-5-metal007-AB.png',
  block: 'blockpics',
  study_id: '676a5c1061b4a84202022a46',
  stimulus: 'list4/2-42-5-metal007-AB.png',
  session_id: '67a97e1eaeb417c544370176'
}
req.body
{
  rt: 2211,
  trial_type: 'image-slider-response',
  trial_index: 24,
  time_elapsed: 77500,
  internal_node_id: 0,
  subject: '61085f0fd327cffcea61a696',
  response: '57',
  pic: 'list4/18-1022-2-corrugatedsteel-A.png',
  block: 'blockpics',
  study_id: '676a5c1061b4a84202022a46',
  stimulus: 'list4/18-1022-2-corrugatedsteel-A.png',
  session_id: '67a97e1eaeb417c544370176'
}
req.body
{
  rt: 2168,
  trial_type: 'image-slider-response',
  trial_index: 25,
  time_elapsed: 79668,
  internal_node_id: 0,
  subject: '61085f0fd327cffcea61a696',
  response: '58',
  pic: 'list4/30-38-4-corrugatedsteel-A.png',
  block: 'blockpics',
  study_id: '676a5c1061b4a84202022a46',
  stimulus: 'list4/30-38-4-corrugatedsteel-A.png',
  session_id: '67a97e1eaeb417c544370176'
}
req.body
{
  rt: 3615,
  trial_type: 'image-slider-response',
  trial_index: 26,
  time_elapsed: 83284,
  internal_node_id: 0,
  subject: '61085f0fd327cffcea61a696',
  response: '58',
  pic: 'list4/17-224-12-fabric05-AB.png',
  block: 'blockpics',
  study_id: '676a5c1061b4a84202022a46',
  stimulus: 'list4/17-224-12-fabric05-AB.png',
  session_id: '67a97e1eaeb417c544370176'
}
req.body
{
  rt: 1909,
  trial_type: 'image-slider-response',
  trial_index: 28,
  time_elapsed: 88329,
  internal_node_id: 0,
  subject: '61085f0fd327cffcea61a696',
  response: '44',
  pic: 'list4/28-2000-7-031-AB.png',
  block: 'blockpics',
  study_id: '676a5c1061b4a84202022a46',
  stimulus: 'list4/28-2000-7-031-AB.png',
  session_id: '67a97e1eaeb417c544370176'
}
req.body
{
  rt: 3135,
  trial_type: 'image-slider-response',
  trial_index: 27,
  time_elapsed: 86420,
  internal_node_id: 0,
  subject: '61085f0fd327cffcea61a696',
  response: '54',
  pic: 'list4/6-1017-5-corrugatedsteel-A.png',
  block: 'blockpics',
  study_id: '676a5c1061b4a84202022a46',
  stimulus: 'list4/6-1017-5-corrugatedsteel-A.png',
  session_id: '67a97e1eaeb417c544370176'
}
req.body
{
  rt: 2391,
  trial_type: 'image-slider-response',
  trial_index: 31,
  time_elapsed: 97153,
  internal_node_id: 0,
  subject: '61085f0fd327cffcea61a696',
  response: '62',
  pic: 'list4/24-32-3-corrugatedsteel-A.png',
  block: 'blockpics',
  study_id: '676a5c1061b4a84202022a46',
  stimulus: 'list4/24-32-3-corrugatedsteel-A.png',
  session_id: '67a97e1eaeb417c544370176'
}
req.body
{
  rt: 4509,
  trial_type: 'image-slider-response',
  trial_index: 29,
  time_elapsed: 92839,
  internal_node_id: 0,
  subject: '61085f0fd327cffcea61a696',
  response: '61',
  pic: 'list4/27-5-5-074-AB.png',
  block: 'blockpics',
  study_id: '676a5c1061b4a84202022a46',
  stimulus: 'list4/27-5-5-074-AB.png',
  session_id: '67a97e1eaeb417c544370176'
}
req.body
{
  rt: 1921,
  trial_type: 'image-slider-response',
  trial_index: 30,
  time_elapsed: 94761,
  internal_node_id: 0,
  subject: '61085f0fd327cffcea61a696',
  response: '46',
  pic: 'list4/19-1024-4-printedmaterial007-A.png',
  block: 'blockpics',
  study_id: '676a5c1061b4a84202022a46',
  stimulus: 'list4/19-1024-4-printedmaterial007-A.png',
  session_id: '67a97e1eaeb417c544370176'
}
req.body
{
  rt: 3914,
  trial_type: 'image-slider-response',
  trial_index: 32,
  time_elapsed: 101068,
  internal_node_id: 0,
  subject: '61085f0fd327cffcea61a696',
  response: '57',
  pic: 'list4/11-34-9-fabric05-AB.png',
  block: 'blockpics',
  study_id: '676a5c1061b4a84202022a46',
  stimulus: 'list4/11-34-9-fabric05-AB.png',
  session_id: '67a97e1eaeb417c544370176'
}
req.body
{
  rt: 2187,
  trial_type: 'image-slider-response',
  trial_index: 33,
  time_elapsed: 103255,
  internal_node_id: 0,
  subject: '61085f0fd327cffcea61a696',
  response: '58',
  pic: 'list4/3-1016-6-074-AB.png',
  block: 'blockpics',
  study_id: '676a5c1061b4a84202022a46',
  stimulus: 'list4/3-1016-6-074-AB.png',
  session_id: '67a97e1eaeb417c544370176'
}
req.body
{
  rt: 3632,
  trial_type: 'image-slider-response',
  trial_index: 34,
  time_elapsed: 106889,
  internal_node_id: 0,
  subject: '61085f0fd327cffcea61a696',
  response: '77',
  pic: 'list4/23-69-16-fabric05-AB.png',
  block: 'blockpics',
  study_id: '676a5c1061b4a84202022a46',
  stimulus: 'list4/23-69-16-fabric05-AB.png',
  session_id: '67a97e1eaeb417c544370176'
}
req.body
{
  rt: 1854,
  trial_type: 'image-slider-response',
  trial_index: 35,
  time_elapsed: 108743,
  internal_node_id: 0,
  subject: '61085f0fd327cffcea61a696',
  response: '52',
  pic: 'list4/29-17-7-fabric05-AB.png',
  block: 'blockpics',
  study_id: '676a5c1061b4a84202022a46',
  stimulus: 'list4/29-17-7-fabric05-AB.png',
  session_id: '67a97e1eaeb417c544370176'
}
req.body
{
  rt: 1823,
  trial_type: 'image-slider-response',
  trial_index: 36,
  time_elapsed: 110568,
  internal_node_id: 0,
  subject: '61085f0fd327cffcea61a696',
  response: '56',
  pic: 'list4/5-13-9-fabric05-AB.png',
  block: 'blockpics',
  study_id: '676a5c1061b4a84202022a46',
  stimulus: 'list4/5-13-9-fabric05-AB.png',
  session_id: '67a97e1eaeb417c544370176'
}
req.body
{
  rt: 1949,
  trial_type: 'image-slider-response',
  trial_index: 37,
  time_elapsed: 112518,
  internal_node_id: 0,
  subject: '61085f0fd327cffcea61a696',
  response: '59',
  pic: 'list4/7-15-8-printedmaterial007-A.png',
  block: 'blockpics',
  study_id: '676a5c1061b4a84202022a46',
  stimulus: 'list4/7-15-8-printedmaterial007-A.png',
  session_id: '67a97e1eaeb417c544370176'
}
req.body
{
  rt: 1599,
  trial_type: 'image-slider-response',
  trial_index: 38,
  time_elapsed: 114117,
  internal_node_id: 0,
  subject: '61085f0fd327cffcea61a696',
  response: '62',
  pic: 'list4/12-87-7-corrugatedsteel-A.png',
  block: 'blockpics',
  study_id: '676a5c1061b4a84202022a46',
  stimulus: 'list4/12-87-7-corrugatedsteel-A.png',
  session_id: '67a97e1eaeb417c544370176'
}
req.body
{
  rt: 2647,
  trial_type: 'image-slider-response',
  trial_index: 39,
  time_elapsed: 116765,
  internal_node_id: 0,
  subject: '61085f0fd327cffcea61a696',
  response: '54',
  pic: 'list4/13-57-6-printedmaterial007-A.png',
  block: 'blockpics',
  study_id: '676a5c1061b4a84202022a46',
  stimulus: 'list4/13-57-6-printedmaterial007-A.png',
  session_id: '67a97e1eaeb417c544370176'
}
req.body
{
  rt: 3288,
  trial_type: 'image-slider-response',
  trial_index: 40,
  time_elapsed: 120053,
  internal_node_id: 0,
  subject: '61085f0fd327cffcea61a696',
  response: '30',
  pic: 'list4/1-1016-1-paintedmetal007-AB.png',
  block: 'blockpics',
  study_id: '676a5c1061b4a84202022a46',
  stimulus: 'list4/1-1016-1-paintedmetal007-AB.png',
  session_id: '67a97e1eaeb417c544370176'
}
req.body
{
  rt: 1824,
  trial_type: 'instructions',
  trial_index: 41,
  time_elapsed: 121877,
  internal_node_id: 0,
  subject: '61085f0fd327cffcea61a696',
  study_id: '676a5c1061b4a84202022a46',
  session_id: '67a97e1eaeb417c544370176'
}
req.body
{
  rt: 2116,
  trial_type: 'instructions',
  trial_index: 0,
  time_elapsed: 2118,
  internal_node_id: 0,
  subject: '5e7f64a99b18e463f74b0c91',
  study_id: '676a5c1061b4a84202022a46',
  session_id: '67a97e2d51a26b1f6d6aadaf'
}
req.body
{
  rt: 7115,
  trial_type: 'instructions',
  trial_index: 1,
  time_elapsed: 9234,
  internal_node_id: 0,
  subject: '5e7f64a99b18e463f74b0c91',
  study_id: '676a5c1061b4a84202022a46',
  session_id: '67a97e2d51a26b1f6d6aadaf'
}
req.body
{
  rt: 5133,
  trial_type: 'image-slider-response',
  trial_index: 6,
  time_elapsed: 27101,
  internal_node_id: 0,
  subject: '5e7f64a99b18e463f74b0c91',
  response: '29',
  pic: 'heptagon.png',
  block: 'practice block',
  study_id: '676a5c1061b4a84202022a46',
  stimulus: 'heptagon.png',
  session_id: '67a97e2d51a26b1f6d6aadaf'
}
req.body
{
  rt: 4895,
  trial_type: 'image-slider-response',
  trial_index: 2,
  time_elapsed: 14134,
  internal_node_id: 0,
  subject: '5e7f64a99b18e463f74b0c91',
  response: '8',
  pic: 'square.png',
  block: 'practice block',
  study_id: '676a5c1061b4a84202022a46',
  stimulus: 'square.png',
  session_id: '67a97e2d51a26b1f6d6aadaf'
}
req.body
{
  rt: 3716,
  trial_type: 'image-slider-response',
  trial_index: 4,
  time_elapsed: 20584,
  internal_node_id: 0,
  subject: '5e7f64a99b18e463f74b0c91',
  response: '2',
  pic: 'circle.png',
  block: 'practice block',
  study_id: '676a5c1061b4a84202022a46',
  stimulus: 'circle.png',
  session_id: '67a97e2d51a26b1f6d6aadaf'
}
req.body
{
  rt: 1381,
  trial_type: 'html-button-response',
  trial_index: 5,
  time_elapsed: 21967,
  internal_node_id: 0,
  subject: '5e7f64a99b18e463f74b0c91',
  response: '0',
  study_id: '676a5c1061b4a84202022a46',
  stimulus: "<p style='color:green; font-size:22px; font-weight:bold;'>✅ Correct!</p>\n" +
    "               <p style='font-size:18px; color:#333;'>Remember: Move the slider <strong>left</strong> for simple objects.</p>",
  session_id: '67a97e2d51a26b1f6d6aadaf'
}
req.body
{
  rt: 2730,
  trial_type: 'html-button-response',
  trial_index: 3,
  time_elapsed: 16867,
  internal_node_id: 0,
  subject: '5e7f64a99b18e463f74b0c91',
  response: '0',
  study_id: '676a5c1061b4a84202022a46',
  stimulus: "<p style='color:green; font-size:22px; font-weight:bold;'>✅ Correct!</p>\n" +
    "               <p style='font-size:18px; color:#333;'>Remember: Move the slider <strong>left</strong> for simple objects.</p>",
  session_id: '67a97e2d51a26b1f6d6aadaf'
}
req.body
{
  rt: 5298,
  trial_type: 'image-slider-response',
  trial_index: 8,
  time_elapsed: 33817,
  internal_node_id: 0,
  subject: '5e7f64a99b18e463f74b0c91',
  response: '89',
  pic: 'concave.png',
  block: 'practice block',
  study_id: '676a5c1061b4a84202022a46',
  stimulus: 'concave.png',
  session_id: '67a97e2d51a26b1f6d6aadaf'
}
req.body
{
  rt: 1414,
  trial_type: 'html-button-response',
  trial_index: 7,
  time_elapsed: 28517,
  internal_node_id: 0,
  subject: '5e7f64a99b18e463f74b0c91',
  response: '0',
  study_id: '676a5c1061b4a84202022a46',
  stimulus: "<p style='color:red; font-size:22px; font-weight:bold;'>❌ Oops! Try again.</p>\n" +
    "               <p style='font-size:18px; color:#333;'>You should slide <strong>right</strong> for complex objects.</p>",
  session_id: '67a97e2d51a26b1f6d6aadaf'
}
req.body
{
  rt: 882,
  trial_type: 'html-button-response',
  trial_index: 9,
  time_elapsed: 34700,
  internal_node_id: 0,
  subject: '5e7f64a99b18e463f74b0c91',
  response: '0',
  study_id: '676a5c1061b4a84202022a46',
  stimulus: "<p style='color:green; font-size:22px; font-weight:bold;'>✅ Correct!</p>\n" +
    "               <p style='font-size:18px; color:#333;'>Remember: Move the slider <strong>right</strong> for complex objects.</p>",
  session_id: '67a97e2d51a26b1f6d6aadaf'
}
req.body
{
  rt: 1632,
  trial_type: 'instructions',
  trial_index: 10,
  time_elapsed: 36333,
  internal_node_id: 0,
  subject: '5e7f64a99b18e463f74b0c91',
  study_id: '676a5c1061b4a84202022a46',
  session_id: '67a97e2d51a26b1f6d6aadaf'
}
req.body
{
  rt: 4997,
  trial_type: 'image-slider-response',
  trial_index: 11,
  time_elapsed: 41333,
  internal_node_id: 0,
  subject: '5e7f64a99b18e463f74b0c91',
  response: '87',
  pic: 'list3/22-89-13-074-AB.png',
  block: 'blockpics',
  study_id: '676a5c1061b4a84202022a46',
  stimulus: 'list3/22-89-13-074-AB.png',
  session_id: '67a97e2d51a26b1f6d6aadaf'
}
req.body
{
  rt: 4565,
  trial_type: 'image-slider-response',
  trial_index: 12,
  time_elapsed: 45901,
  internal_node_id: 0,
  subject: '5e7f64a99b18e463f74b0c91',
  response: '80',
  pic: 'list3/19-1024-4-corrugatedsteel-A.png',
  block: 'blockpics',
  study_id: '676a5c1061b4a84202022a46',
  stimulus: 'list3/19-1024-4-corrugatedsteel-A.png',
  session_id: '67a97e2d51a26b1f6d6aadaf'
}
req.body
{
  rt: 3918,
  trial_type: 'image-slider-response',
  trial_index: 13,
  time_elapsed: 49821,
  internal_node_id: 0,
  subject: '5e7f64a99b18e463f74b0c91',
  response: '70',
  pic: 'list3/3-1016-6-printedmaterial007-AB.png',
  block: 'blockpics',
  study_id: '676a5c1061b4a84202022a46',
  stimulus: 'list3/3-1016-6-printedmaterial007-AB.png',
  session_id: '67a97e2d51a26b1f6d6aadaf'
}
req.body
{
  rt: 4695,
  trial_type: 'image-slider-response',
  trial_index: 14,
  time_elapsed: 54517,
  internal_node_id: 0,
  subject: '5e7f64a99b18e463f74b0c91',
  response: '88',
  pic: 'list3/16-53-11-074-AB.png',
  block: 'blockpics',
  study_id: '676a5c1061b4a84202022a46',
  stimulus: 'list3/16-53-11-074-AB.png',
  session_id: '67a97e2d51a26b1f6d6aadaf'
}
req.body
{
  rt: 3965,
  trial_type: 'image-slider-response',
  trial_index: 15,
  time_elapsed: 58484,
  internal_node_id: 0,
  subject: '5e7f64a99b18e463f74b0c91',
  response: '61',
  pic: 'list3/30-38-4-fabric05-AB.png',
  block: 'blockpics',
  study_id: '676a5c1061b4a84202022a46',
  stimulus: 'list3/30-38-4-fabric05-AB.png',
  session_id: '67a97e2d51a26b1f6d6aadaf'
}
req.body
{
  rt: 5764,
  trial_type: 'image-slider-response',
  trial_index: 16,
  time_elapsed: 64250,
  internal_node_id: 0,
  subject: '5e7f64a99b18e463f74b0c91',
  response: '56',
  pic: 'list3/2-42-5-printedmaterial007-A.png',
  block: 'blockpics',
  study_id: '676a5c1061b4a84202022a46',
  stimulus: 'list3/2-42-5-printedmaterial007-A.png',
  session_id: '67a97e2d51a26b1f6d6aadaf'
}
req.body
{
  rt: 4981,
  trial_type: 'image-slider-response',
  trial_index: 17,
  time_elapsed: 69233,
  internal_node_id: 0,
  subject: '5e7f64a99b18e463f74b0c91',
  response: '88',
  pic: 'list3/23-69-16-031-AB.png',
  block: 'blockpics',
  study_id: '676a5c1061b4a84202022a46',
  stimulus: 'list3/23-69-16-031-AB.png',
  session_id: '67a97e2d51a26b1f6d6aadaf'
}
req.body
{
  rt: 4334,
  trial_type: 'image-slider-response',
  trial_index: 18,
  time_elapsed: 73568,
  internal_node_id: 0,
  subject: '5e7f64a99b18e463f74b0c91',
  response: '83',
  pic: 'list3/11-34-9-031-AB.png',
  block: 'blockpics',
  study_id: '676a5c1061b4a84202022a46',
  stimulus: 'list3/11-34-9-031-AB.png',
  session_id: '67a97e2d51a26b1f6d6aadaf'
}
req.body
{
  rt: 4397,
  trial_type: 'image-slider-response',
  trial_index: 19,
  time_elapsed: 77967,
  internal_node_id: 0,
  subject: '5e7f64a99b18e463f74b0c91',
  response: '89',
  pic: 'list3/5-13-9-074-AB.png',
  block: 'blockpics',
  study_id: '676a5c1061b4a84202022a46',
  stimulus: 'list3/5-13-9-074-AB.png',
  session_id: '67a97e2d51a26b1f6d6aadaf'
}
req.body
{
  rt: 5998,
  trial_type: 'image-slider-response',
  trial_index: 20,
  time_elapsed: 83967,
  internal_node_id: 0,
  subject: '5e7f64a99b18e463f74b0c91',
  response: '67',
  pic: 'list3/29-17-7-031-AB.png',
  block: 'blockpics',
  study_id: '676a5c1061b4a84202022a46',
  stimulus: 'list3/29-17-7-031-AB.png',
  session_id: '67a97e2d51a26b1f6d6aadaf'
}
req.body
{
  rt: 5031,
  trial_type: 'image-slider-response',
  trial_index: 21,
  time_elapsed: 89000,
  internal_node_id: 0,
  subject: '5e7f64a99b18e463f74b0c91',
  response: '82',
  pic: 'list3/10-3-8-074-AB.png',
  block: 'blockpics',
  study_id: '676a5c1061b4a84202022a46',
  stimulus: 'list3/10-3-8-074-AB.png',
  session_id: '67a97e2d51a26b1f6d6aadaf'
}
req.body
{
  rt: 3150,
  trial_type: 'image-slider-response',
  trial_index: 22,
  time_elapsed: 92151,
  internal_node_id: 0,
  subject: '5e7f64a99b18e463f74b0c91',
  response: '63',
  pic: 'list3/20-64-6-printedmaterial007-A.png',
  block: 'blockpics',
  study_id: '676a5c1061b4a84202022a46',
  stimulus: 'list3/20-64-6-printedmaterial007-A.png',
  session_id: '67a97e2d51a26b1f6d6aadaf'
}
req.body
{
  rt: 8799,
  trial_type: 'image-slider-response',
  trial_index: 24,
  time_elapsed: 105685,
  internal_node_id: 0,
  subject: '5e7f64a99b18e463f74b0c91',
  response: '67',
  pic: 'list3/8-25-8-printedmaterial007-A.png',
  block: 'blockpics',
  study_id: '676a5c1061b4a84202022a46',
  stimulus: 'list3/8-25-8-printedmaterial007-A.png',
  session_id: '67a97e2d51a26b1f6d6aadaf'
}
req.body
{
  rt: 3400,
  trial_type: 'image-slider-response',
  trial_index: 36,
  time_elapsed: 158634,
  internal_node_id: 0,
  subject: '5e7f64a99b18e463f74b0c91',
  response: '57',
  pic: 'list3/13-57-6-corrugatedsteel-A.png',
  block: 'blockpics',
  study_id: '676a5c1061b4a84202022a46',
  stimulus: 'list3/13-57-6-corrugatedsteel-A.png',
  session_id: '67a97e2d51a26b1f6d6aadaf'
}
req.body
{
  rt: 5359,
  trial_type: 'instructions',
  trial_index: 0,
  time_elapsed: 5361,
  internal_node_id: 0,
  subject: '61bb389140db417c1a138ca1',
  study_id: '676a5c1061b4a84202022a46',
  session_id: '67a984c3c4d1f9c6c93617b7'
}
req.body
{
  rt: 7744,
  trial_type: 'instructions',
  trial_index: 1,
  time_elapsed: 13106,
  internal_node_id: 0,
  subject: '61bb389140db417c1a138ca1',
  study_id: '676a5c1061b4a84202022a46',
  session_id: '67a984c3c4d1f9c6c93617b7'
}
req.body
{
  rt: 6352,
  trial_type: 'image-slider-response',
  trial_index: 2,
  time_elapsed: 19464,
  internal_node_id: 0,
  subject: '61bb389140db417c1a138ca1',
  response: '58',
  pic: 'concave.png',
  block: 'practice block',
  study_id: '676a5c1061b4a84202022a46',
  stimulus: 'concave.png',
  session_id: '67a984c3c4d1f9c6c93617b7'
}
req.body
{
  rt: 3089,
  trial_type: 'html-button-response',
  trial_index: 3,
  time_elapsed: 22555,
  internal_node_id: 0,
  subject: '61bb389140db417c1a138ca1',
  response: '0',
  study_id: '676a5c1061b4a84202022a46',
  stimulus: "<p style='color:green; font-size:22px; font-weight:bold;'>✅ Correct!</p>\n" +
    "               <p style='font-size:18px; color:#333;'>Remember: Move the slider <strong>right</strong> for complex objects.</p>",
  session_id: '67a984c3c4d1f9c6c93617b7'
}
req.body
{
  rt: 5619,
  trial_type: 'image-slider-response',
  trial_index: 4,
  time_elapsed: 28176,
  internal_node_id: 0,
  subject: '61bb389140db417c1a138ca1',
  response: '1',
  pic: 'circle.png',
  block: 'practice block',
  study_id: '676a5c1061b4a84202022a46',
  stimulus: 'circle.png',
  session_id: '67a984c3c4d1f9c6c93617b7'
}
req.body
{
  rt: 1402,
  trial_type: 'html-button-response',
  trial_index: 5,
  time_elapsed: 29579,
  internal_node_id: 0,
  subject: '61bb389140db417c1a138ca1',
  response: '0',
  study_id: '676a5c1061b4a84202022a46',
  stimulus: "<p style='color:green; font-size:22px; font-weight:bold;'>✅ Correct!</p>\n" +
    "               <p style='font-size:18px; color:#333;'>Remember: Move the slider <strong>left</strong> for simple objects.</p>",
  session_id: '67a984c3c4d1f9c6c93617b7'
}
req.body
{
  rt: 4346,
  trial_type: 'image-slider-response',
  trial_index: 6,
  time_elapsed: 33927,
  internal_node_id: 0,
  subject: '61bb389140db417c1a138ca1',
  response: '2',
  pic: 'square.png',
  block: 'practice block',
  study_id: '676a5c1061b4a84202022a46',
  stimulus: 'square.png',
  session_id: '67a984c3c4d1f9c6c93617b7'
}
req.body
{
  rt: 5194,
  trial_type: 'image-slider-response',
  trial_index: 8,
  time_elapsed: 40481,
  internal_node_id: 0,
  subject: '61bb389140db417c1a138ca1',
  response: '46',
  pic: 'heptagon.png',
  block: 'practice block',
  study_id: '676a5c1061b4a84202022a46',
  stimulus: 'heptagon.png',
  session_id: '67a984c3c4d1f9c6c93617b7'
}
req.body
{
  rt: 1357,
  trial_type: 'html-button-response',
  trial_index: 7,
  time_elapsed: 35285,
  internal_node_id: 0,
  subject: '61bb389140db417c1a138ca1',
  response: '0',
  study_id: '676a5c1061b4a84202022a46',
  stimulus: "<p style='color:green; font-size:22px; font-weight:bold;'>✅ Correct!</p>\n" +
    "               <p style='font-size:18px; color:#333;'>Remember: Move the slider <strong>left</strong> for simple objects.</p>",
  session_id: '67a984c3c4d1f9c6c93617b7'
}
req.body
{
  rt: 1592,
  trial_type: 'html-button-response',
  trial_index: 9,
  time_elapsed: 42075,
  internal_node_id: 0,
  subject: '61bb389140db417c1a138ca1',
  response: '0',
  study_id: '676a5c1061b4a84202022a46',
  stimulus: "<p style='color:red; font-size:22px; font-weight:bold;'>❌ Oops! Try again.</p>\n" +
    "               <p style='font-size:18px; color:#333;'>You should slide <strong>right</strong> for complex objects.</p>",
  session_id: '67a984c3c4d1f9c6c93617b7'
}
req.body
{
  rt: 1503,
  trial_type: 'instructions',
  trial_index: 10,
  time_elapsed: 43579,
  internal_node_id: 0,
  subject: '61bb389140db417c1a138ca1',
  study_id: '676a5c1061b4a84202022a46',
  session_id: '67a984c3c4d1f9c6c93617b7'
}
req.body
{
  rt: 3839,
  trial_type: 'image-slider-response',
  trial_index: 11,
  time_elapsed: 47420,
  internal_node_id: 0,
  subject: '61bb389140db417c1a138ca1',
  response: '56',
  pic: 'list6/2-42-5-031-AB.png',
  block: 'blockpics',
  study_id: '676a5c1061b4a84202022a46',
  stimulus: 'list6/2-42-5-031-AB.png',
  session_id: '67a984c3c4d1f9c6c93617b7'
}
req.body
{
  rt: 3166,
  trial_type: 'image-slider-response',
  trial_index: 12,
  time_elapsed: 50588,
  internal_node_id: 0,
  subject: '61bb389140db417c1a138ca1',
  response: '62',
  pic: 'list6/27-5-5-fabric05-AB.png',
  block: 'blockpics',
  study_id: '676a5c1061b4a84202022a46',
  stimulus: 'list6/27-5-5-fabric05-AB.png',
  session_id: '67a984c3c4d1f9c6c93617b7'
}
req.body
{
  rt: 5199,
  trial_type: 'image-slider-response',
  trial_index: 13,
  time_elapsed: 55789,
  internal_node_id: 0,
  subject: '61bb389140db417c1a138ca1',
  response: '52',
  pic: 'list6/6-1017-5-metal007-AB.png',
  block: 'blockpics',
  study_id: '676a5c1061b4a84202022a46',
  stimulus: 'list6/6-1017-5-metal007-AB.png',
  session_id: '67a984c3c4d1f9c6c93617b7'
}
req.body
{
  rt: 3284,
  trial_type: 'image-slider-response',
  trial_index: 14,
  time_elapsed: 59075,
  internal_node_id: 0,
  subject: '61bb389140db417c1a138ca1',
  response: '52',
  pic: 'list6/13-57-6-074-AB.png',
  block: 'blockpics',
  study_id: '676a5c1061b4a84202022a46',
  stimulus: 'list6/13-57-6-074-AB.png',
  session_id: '67a984c3c4d1f9c6c93617b7'
}
req.body
{
  rt: 3677,
  trial_type: 'image-slider-response',
  trial_index: 15,
  time_elapsed: 62754,
  internal_node_id: 0,
  subject: '61bb389140db417c1a138ca1',
  response: '59',
  pic: 'list6/3-1016-6-fabric05-AB.png',
  block: 'blockpics',
  study_id: '676a5c1061b4a84202022a46',
  stimulus: 'list6/3-1016-6-fabric05-AB.png',
  session_id: '67a984c3c4d1f9c6c93617b7'
}
req.body
{
  rt: 3819,
  trial_type: 'image-slider-response',
  trial_index: 17,
  time_elapsed: 71720,
  internal_node_id: 0,
  subject: '61bb389140db417c1a138ca1',
  response: '59',
  pic: 'list6/4-68-9-corrugatedsteel-A.png',
  block: 'blockpics',
  study_id: '676a5c1061b4a84202022a46',
  stimulus: 'list6/4-68-9-corrugatedsteel-A.png',
  session_id: '67a984c3c4d1f9c6c93617b7'
}
req.body
{
  rt: 5142,
  trial_type: 'image-slider-response',
  trial_index: 16,
  time_elapsed: 67899,
  internal_node_id: 0,
  subject: '61bb389140db417c1a138ca1',
  response: '78',
  pic: 'list6/11-34-9-printedmaterial007-A.png',
  block: 'blockpics',
  study_id: '676a5c1061b4a84202022a46',
  stimulus: 'list6/11-34-9-printedmaterial007-A.png',
  session_id: '67a984c3c4d1f9c6c93617b7'
}
req.body
{
  rt: 3971,
  trial_type: 'image-slider-response',
  trial_index: 18,
  time_elapsed: 75692,
  internal_node_id: 0,
  subject: '61bb389140db417c1a138ca1',
  response: '65',
  pic: 'list6/17-224-12-printedmaterial007-A.png',
  block: 'blockpics',
  study_id: '676a5c1061b4a84202022a46',
  stimulus: 'list6/17-224-12-printedmaterial007-A.png',
  session_id: '67a984c3c4d1f9c6c93617b7'
}
req.body
{
  rt: 4875,
  trial_type: 'image-slider-response',
  trial_index: 19,
  time_elapsed: 80569,
  internal_node_id: 0,
  subject: '61bb389140db417c1a138ca1',
  response: '45',
  pic: 'list6/7-15-8-074-A.png',
  block: 'blockpics',
  study_id: '676a5c1061b4a84202022a46',
  stimulus: 'list6/7-15-8-074-A.png',
  session_id: '67a984c3c4d1f9c6c93617b7'
}
req.body
{
  rt: 3300,
  trial_type: 'image-slider-response',
  trial_index: 20,
  time_elapsed: 83870,
  internal_node_id: 0,
  subject: '61bb389140db417c1a138ca1',
  response: '48',
  pic: 'list6/30-38-4-metal007-AB.png',
  block: 'blockpics',
  study_id: '676a5c1061b4a84202022a46',
  stimulus: 'list6/30-38-4-metal007-AB.png',
  session_id: '67a984c3c4d1f9c6c93617b7'
}
req.body
{
  rt: 4862,
  trial_type: 'image-slider-response',
  trial_index: 22,
  time_elapsed: 92752,
  internal_node_id: 0,
  subject: '61bb389140db417c1a138ca1',
  response: '52',
  pic: 'list6/20-64-6-031-AB.png',
  block: 'blockpics',
  study_id: '676a5c1061b4a84202022a46',
  stimulus: 'list6/20-64-6-031-AB.png',
  session_id: '67a984c3c4d1f9c6c93617b7'
}
req.body
{
  rt: 4017,
  trial_type: 'image-slider-response',
  trial_index: 21,
  time_elapsed: 87889,
  internal_node_id: 0,
  subject: '61bb389140db417c1a138ca1',
  response: '50',
  pic: 'list6/21-82-9-fabric05-AB.png',
  block: 'blockpics',
  study_id: '676a5c1061b4a84202022a46',
  stimulus: 'list6/21-82-9-fabric05-AB.png',
  session_id: '67a984c3c4d1f9c6c93617b7'
}
req.body
{
  rt: 4016,
  trial_type: 'image-slider-response',
  trial_index: 23,
  time_elapsed: 96770,
  internal_node_id: 0,
  subject: '61bb389140db417c1a138ca1',
  response: '43',
  pic: 'list6/16-53-11-corrugatedsteel-A.png',
  block: 'blockpics',
  study_id: '676a5c1061b4a84202022a46',
  stimulus: 'list6/16-53-11-corrugatedsteel-A.png',
  session_id: '67a984c3c4d1f9c6c93617b7'
}
req.body
{
  rt: 13059,
  trial_type: 'image-slider-response',
  trial_index: 24,
  time_elapsed: 109831,
  internal_node_id: 0,
  subject: '61bb389140db417c1a138ca1',
  response: '26',
  pic: 'list6/24-32-3-metal007-AB.png',
  block: 'blockpics',
  study_id: '676a5c1061b4a84202022a46',
  stimulus: 'list6/24-32-3-metal007-AB.png',
  session_id: '67a984c3c4d1f9c6c93617b7'
}
req.body
{
  rt: 3091,
  trial_type: 'image-slider-response',
  trial_index: 25,
  time_elapsed: 112925,
  internal_node_id: 0,
  subject: '61bb389140db417c1a138ca1',
  response: '52',
  pic: 'list6/9-27-9-fabric05-AB.png',
  block: 'blockpics',
  study_id: '676a5c1061b4a84202022a46',
  stimulus: 'list6/9-27-9-fabric05-AB.png',
  session_id: '67a984c3c4d1f9c6c93617b7'
}
req.body
{
  rt: 3569,
  trial_type: 'image-slider-response',
  trial_index: 26,
  time_elapsed: 116495,
  internal_node_id: 0,
  subject: '61bb389140db417c1a138ca1',
  response: '13',
  pic: 'list6/1-1016-1-074-AB.png',
  block: 'blockpics',
  study_id: '676a5c1061b4a84202022a46',
  stimulus: 'list6/1-1016-1-074-AB.png',
  session_id: '67a984c3c4d1f9c6c93617b7'
}
req.body
{
  rt: 4482,
  trial_type: 'image-slider-response',
  trial_index: 27,
  time_elapsed: 120979,
  internal_node_id: 0,
  subject: '61bb389140db417c1a138ca1',
  response: '54',
  pic: 'list6/28-2000-7-corrugatedsteel-A.png',
  block: 'blockpics',
  study_id: '676a5c1061b4a84202022a46',
  stimulus: 'list6/28-2000-7-corrugatedsteel-A.png',
  session_id: '67a984c3c4d1f9c6c93617b7'
}
req.body
{
  rt: 4863,
  trial_type: 'image-slider-response',
  trial_index: 28,
  time_elapsed: 125844,
  internal_node_id: 0,
  subject: '61bb389140db417c1a138ca1',
  response: '39',
  pic: 'list6/26-276-3-031-AB.png',
  block: 'blockpics',
  study_id: '676a5c1061b4a84202022a46',
  stimulus: 'list6/26-276-3-031-AB.png',
  session_id: '67a984c3c4d1f9c6c93617b7'
}
req.body
{
  rt: 4317,
  trial_type: 'image-slider-response',
  trial_index: 29,
  time_elapsed: 130162,
  internal_node_id: 0,
  subject: '61bb389140db417c1a138ca1',
  response: '55',
  pic: 'list6/22-89-13-corrugatedsteel-A.png',
  block: 'blockpics',
  study_id: '676a5c1061b4a84202022a46',
  stimulus: 'list6/22-89-13-corrugatedsteel-A.png',
  session_id: '67a984c3c4d1f9c6c93617b7'
}
req.body
{
  rt: 6835,
  trial_type: 'image-slider-response',
  trial_index: 30,
  time_elapsed: 137000,
  internal_node_id: 0,
  subject: '61bb389140db417c1a138ca1',
  response: '53',
  pic: 'list6/23-69-16-printedmaterial007-A.png',
  block: 'blockpics',
  study_id: '676a5c1061b4a84202022a46',
  stimulus: 'list6/23-69-16-printedmaterial007-A.png',
  session_id: '67a984c3c4d1f9c6c93617b7'
}
req.body
{
  rt: 3735,
  trial_type: 'image-slider-response',
  trial_index: 31,
  time_elapsed: 140736,
  internal_node_id: 0,
  subject: '61bb389140db417c1a138ca1',
  response: '45',
  pic: 'list6/19-1024-4-074-AB.png',
  block: 'blockpics',
  study_id: '676a5c1061b4a84202022a46',
  stimulus: 'list6/19-1024-4-074-AB.png',
  session_id: '67a984c3c4d1f9c6c93617b7'
}
req.body
{
  rt: 6430,
  trial_type: 'image-slider-response',
  trial_index: 32,
  time_elapsed: 147168,
  internal_node_id: 0,
  subject: '61bb389140db417c1a138ca1',
  response: '38',
  pic: 'list6/25-4-5-074-AB.png',
  block: 'blockpics',
  study_id: '676a5c1061b4a84202022a46',
  stimulus: 'list6/25-4-5-074-AB.png',
  session_id: '67a984c3c4d1f9c6c93617b7'
}
req.body
{
  rt: 3471,
  trial_type: 'image-slider-response',
  trial_index: 33,
  time_elapsed: 150641,
  internal_node_id: 0,
  subject: '61bb389140db417c1a138ca1',
  response: '52',
  pic: 'list6/10-3-8-printedmaterial007-A.png',
  block: 'blockpics',
  study_id: '676a5c1061b4a84202022a46',
  stimulus: 'list6/10-3-8-printedmaterial007-A.png',
  session_id: '67a984c3c4d1f9c6c93617b7'
}
req.body
{
  rt: 3257,
  trial_type: 'image-slider-response',
  trial_index: 34,
  time_elapsed: 153900,
  internal_node_id: 0,
  subject: '61bb389140db417c1a138ca1',
  response: '52',
  pic: 'list6/8-25-8-031-AB.png',
  block: 'blockpics',
  study_id: '676a5c1061b4a84202022a46',
  stimulus: 'list6/8-25-8-031-AB.png',
  session_id: '67a984c3c4d1f9c6c93617b7'
}
req.body
{
  rt: 2965,
  trial_type: 'image-slider-response',
  trial_index: 35,
  time_elapsed: 156867,
  internal_node_id: 0,
  subject: '61bb389140db417c1a138ca1',
  response: '41',
  pic: 'list6/12-87-7-007-AB.png',
  block: 'blockpics',
  study_id: '676a5c1061b4a84202022a46',
  stimulus: 'list6/12-87-7-007-AB.png',
  session_id: '67a984c3c4d1f9c6c93617b7'
}
req.body
{
  rt: 4505,
  trial_type: 'image-slider-response',
  trial_index: 36,
  time_elapsed: 161373,
  internal_node_id: 0,
  subject: '61bb389140db417c1a138ca1',
  response: '50',
  pic: 'list6/15- 2021-10-05- AB.png',
  block: 'blockpics',
  study_id: '676a5c1061b4a84202022a46',
  stimulus: 'list6/15- 2021-10-05- AB.png',
  session_id: '67a984c3c4d1f9c6c93617b7'
}
req.body
{
  rt: 2772,
  trial_type: 'image-slider-response',
  trial_index: 37,
  time_elapsed: 164148,
  internal_node_id: 0,
  subject: '61bb389140db417c1a138ca1',
  response: '50',
  pic: 'list6/5-13-9-printed material 007-A.png',
  block: 'blockpics',
  study_id: '676a5c1061b4a84202022a46',
  stimulus: 'list6/5-13-9-printed material 007-A.png',
  session_id: '67a984c3c4d1f9c6c93617b7'
}
req.body
{
  rt: 3398,
  trial_type: 'image-slider-response',
  trial_index: 38,
  time_elapsed: 167547,
  internal_node_id: 0,
  subject: '61bb389140db417c1a138ca1',
  response: '48',
  pic: 'list6/29-17-7-printedmaterial007-A.png',
  block: 'blockpics',
  study_id: '676a5c1061b4a84202022a46',
  stimulus: 'list6/29-17-7-printedmaterial007-A.png',
  session_id: '67a984c3c4d1f9c6c93617b7'
}
req.body
{
  rt: 3283,
  trial_type: 'image-slider-response',
  trial_index: 39,
  time_elapsed: 170832,
  internal_node_id: 0,
  subject: '61bb389140db417c1a138ca1',
  response: '45',
  pic: 'list6/14-59-9-031-AB.png',
  block: 'blockpics',
  study_id: '676a5c1061b4a84202022a46',
  stimulus: 'list6/14-59-9-031-AB.png',
  session_id: '67a984c3c4d1f9c6c93617b7'
}
req.body
{
  rt: 3146,
  trial_type: 'image-slider-response',
  trial_index: 40,
  time_elapsed: 173980,
  internal_node_id: 0,
  subject: '61bb389140db417c1a138ca1',
  response: '35',
  pic: 'list6/18-1022-2-metal007-AB.png',
  block: 'blockpics',
  study_id: '676a5c1061b4a84202022a46',
  stimulus: 'list6/18-1022-2-metal007-AB.png',
  session_id: '67a984c3c4d1f9c6c93617b7'
}
req.body
{
  rt: 1807,
  trial_type: 'instructions',
  trial_index: 41,
  time_elapsed: 175789,
  internal_node_id: 0,
  subject: '61bb389140db417c1a138ca1',
  study_id: '676a5c1061b4a84202022a46',
  session_id: '67a984c3c4d1f9c6c93617b7'
}
req.body
{
  rt: 106461,
  trial_type: 'instructions',
  trial_index: 0,
  time_elapsed: 106463,
  internal_node_id: 0,
  subject: '66b30d310ddfa04ca4274bf1',
  study_id: '676a5c1061b4a84202022a46',
  session_id: '67a9870009e9bc04b7ea5ad9'
}
req.body
{
  rt: 31242,
  trial_type: 'instructions',
  trial_index: 1,
  time_elapsed: 137706,
  internal_node_id: 0,
  subject: '66b30d310ddfa04ca4274bf1',
  study_id: '676a5c1061b4a84202022a46',
  session_id: '67a9870009e9bc04b7ea5ad9'
}
req.body
{
  rt: 3468,
  trial_type: 'html-button-response',
  trial_index: 3,
  time_elapsed: 151866,
  internal_node_id: 0,
  subject: '66b30d310ddfa04ca4274bf1',
  response: '0',
  study_id: '676a5c1061b4a84202022a46',
  stimulus: "<p style='color:green; font-size:22px; font-weight:bold;'>✅ Correct!</p>\n" +
    "               <p style='font-size:18px; color:#333;'>Remember: Move the slider <strong>right</strong> for complex objects.</p>",
  session_id: '67a9870009e9bc04b7ea5ad9'
}
req.body
{
  rt: 10685,
  trial_type: 'image-slider-response',
  trial_index: 2,
  time_elapsed: 148396,
  internal_node_id: 0,
  subject: '66b30d310ddfa04ca4274bf1',
  response: '82',
  pic: 'heptagon.png',
  block: 'practice block',
  study_id: '676a5c1061b4a84202022a46',
  stimulus: 'heptagon.png',
  session_id: '67a9870009e9bc04b7ea5ad9'
}
req.body
{
  rt: 4781,
  trial_type: 'image-slider-response',
  trial_index: 4,
  time_elapsed: 156648,
  internal_node_id: 0,
  subject: '66b30d310ddfa04ca4274bf1',
  response: '0',
  pic: 'square.png',
  block: 'practice block',
  study_id: '676a5c1061b4a84202022a46',
  stimulus: 'square.png',
  session_id: '67a9870009e9bc04b7ea5ad9'
}
req.body
{
  rt: 1032,
  trial_type: 'html-button-response',
  trial_index: 5,
  time_elapsed: 157681,
  internal_node_id: 0,
  subject: '66b30d310ddfa04ca4274bf1',
  response: '0',
  study_id: '676a5c1061b4a84202022a46',
  stimulus: "<p style='color:green; font-size:22px; font-weight:bold;'>✅ Correct!</p>\n" +
    "               <p style='font-size:18px; color:#333;'>Remember: Move the slider <strong>left</strong> for simple objects.</p>",
  session_id: '67a9870009e9bc04b7ea5ad9'
}
req.body
{
  rt: 3659,
  trial_type: 'image-slider-response',
  trial_index: 6,
  time_elapsed: 161341,
  internal_node_id: 0,
  subject: '66b30d310ddfa04ca4274bf1',
  response: '97',
  pic: 'concave.png',
  block: 'practice block',
  study_id: '676a5c1061b4a84202022a46',
  stimulus: 'concave.png',
  session_id: '67a9870009e9bc04b7ea5ad9'
}
req.body
{
  rt: 1668,
  trial_type: 'instructions',
  trial_index: 10,
  time_elapsed: 168677,
  internal_node_id: 0,
  subject: '66b30d310ddfa04ca4274bf1',
  study_id: '676a5c1061b4a84202022a46',
  session_id: '67a9870009e9bc04b7ea5ad9'
}
req.body
{
  rt: 6215,
  trial_type: 'image-slider-response',
  trial_index: 11,
  time_elapsed: 174894,
  internal_node_id: 0,
  subject: '66b30d310ddfa04ca4274bf1',
  response: '91',
  pic: 'list4/20-64-6-metal007-AB.png',
  block: 'blockpics',
  study_id: '676a5c1061b4a84202022a46',
  stimulus: 'list4/20-64-6-metal007-AB.png',
  session_id: '67a9870009e9bc04b7ea5ad9'
}
req.body
{
  rt: 3114,
  trial_type: 'image-slider-response',
  trial_index: 8,
  time_elapsed: 165617,
  internal_node_id: 0,
  subject: '66b30d310ddfa04ca4274bf1',
  response: '0',
  pic: 'circle.png',
  block: 'practice block',
  study_id: '676a5c1061b4a84202022a46',
  stimulus: 'circle.png',
  session_id: '67a9870009e9bc04b7ea5ad9'
}
req.body
{
  rt: 1158,
  trial_type: 'html-button-response',
  trial_index: 7,
  time_elapsed: 162501,
  internal_node_id: 0,
  subject: '66b30d310ddfa04ca4274bf1',
  response: '0',
  study_id: '676a5c1061b4a84202022a46',
  stimulus: "<p style='color:green; font-size:22px; font-weight:bold;'>✅ Correct!</p>\n" +
    "               <p style='font-size:18px; color:#333;'>Remember: Move the slider <strong>right</strong> for complex objects.</p>",
  session_id: '67a9870009e9bc04b7ea5ad9'
}
req.body
{
  rt: 7427,
  trial_type: 'image-slider-response',
  trial_index: 12,
  time_elapsed: 182324,
  internal_node_id: 0,
  subject: '66b30d310ddfa04ca4274bf1',
  response: '75',
  pic: 'list4/26-276-3-metal007-AB.png',
  block: 'blockpics',
  study_id: '676a5c1061b4a84202022a46',
  stimulus: 'list4/26-276-3-metal007-AB.png',
  session_id: '67a9870009e9bc04b7ea5ad9'
}
req.body
{
  rt: 1390,
  trial_type: 'html-button-response',
  trial_index: 9,
  time_elapsed: 167009,
  internal_node_id: 0,
  subject: '66b30d310ddfa04ca4274bf1',
  response: '0',
  study_id: '676a5c1061b4a84202022a46',
  stimulus: "<p style='color:green; font-size:22px; font-weight:bold;'>✅ Correct!</p>\n" +
    "               <p style='font-size:18px; color:#333;'>Remember: Move the slider <strong>left</strong> for simple objects.</p>",
  session_id: '67a9870009e9bc04b7ea5ad9'
}
req.body
{
  rt: 5726,
  trial_type: 'image-slider-response',
  trial_index: 14,
  time_elapsed: 194327,
  internal_node_id: 0,
  subject: '66b30d310ddfa04ca4274bf1',
  response: '81',
  pic: 'list4/11-34-9-fabric05-AB.png',
  block: 'blockpics',
  study_id: '676a5c1061b4a84202022a46',
  stimulus: 'list4/11-34-9-fabric05-AB.png',
  session_id: '67a9870009e9bc04b7ea5ad9'
}
req.body
{
  rt: 6273,
  trial_type: 'image-slider-response',
  trial_index: 13,
  time_elapsed: 188599,
  internal_node_id: 0,
  subject: '66b30d310ddfa04ca4274bf1',
  response: '86',
  pic: 'list4/12-87-7-corrugatedsteel-A.png',
  block: 'blockpics',
  study_id: '676a5c1061b4a84202022a46',
  stimulus: 'list4/12-87-7-corrugatedsteel-A.png',
  session_id: '67a9870009e9bc04b7ea5ad9'
}
req.body
{
  rt: 6168,
  trial_type: 'image-slider-response',
  trial_index: 15,
  time_elapsed: 200496,
  internal_node_id: 0,
  subject: '66b30d310ddfa04ca4274bf1',
  response: '85',
  pic: 'list4/14-59-9-007-AB.png',
  block: 'blockpics',
  study_id: '676a5c1061b4a84202022a46',
  stimulus: 'list4/14-59-9-007-AB.png',
  session_id: '67a9870009e9bc04b7ea5ad9'
}
req.body
{
  rt: 4547,
  trial_type: 'image-slider-response',
  trial_index: 16,
  time_elapsed: 205045,
  internal_node_id: 0,
  subject: '66b30d310ddfa04ca4274bf1',
  response: '85',
  pic: 'list4/15- 2021-10-074- A.png',
  block: 'blockpics',
  study_id: '676a5c1061b4a84202022a46',
  stimulus: 'list4/15- 2021-10-074- A.png',
  session_id: '67a9870009e9bc04b7ea5ad9'
}
req.body
{
  rt: 3817,
  trial_type: 'image-slider-response',
  trial_index: 17,
  time_elapsed: 208863,
  internal_node_id: 0,
  subject: '66b30d310ddfa04ca4274bf1',
  response: '86',
  pic: 'list4/18-1022-2-corrugatedsteel-A.png',
  block: 'blockpics',
  study_id: '676a5c1061b4a84202022a46',
  stimulus: 'list4/18-1022-2-corrugatedsteel-A.png',
  session_id: '67a9870009e9bc04b7ea5ad9'
}
req.body
{
  rt: 4211,
  trial_type: 'image-slider-response',
  trial_index: 18,
  time_elapsed: 213074,
  internal_node_id: 0,
  subject: '66b30d310ddfa04ca4274bf1',
  response: '77',
  pic: 'list4/6-1017-5-corrugatedsteel-A.png',
  block: 'blockpics',
  study_id: '676a5c1061b4a84202022a46',
  stimulus: 'list4/6-1017-5-corrugatedsteel-A.png',
  session_id: '67a9870009e9bc04b7ea5ad9'
}
req.body
{
  rt: 3944,
  trial_type: 'image-slider-response',
  trial_index: 20,
  time_elapsed: 220366,
  internal_node_id: 0,
  subject: '66b30d310ddfa04ca4274bf1',
  response: '93',
  pic: 'list4/5-13-9-fabric05-AB.png',
  block: 'blockpics',
  study_id: '676a5c1061b4a84202022a46',
  stimulus: 'list4/5-13-9-fabric05-AB.png',
  session_id: '67a9870009e9bc04b7ea5ad9'
}
req.body
{
  rt: 3346,
  trial_type: 'image-slider-response',
  trial_index: 19,
  time_elapsed: 216421,
  internal_node_id: 0,
  subject: '66b30d310ddfa04ca4274bf1',
  response: '82',
  pic: 'list4/7-15-8-printedmaterial007-A.png',
  block: 'blockpics',
  study_id: '676a5c1061b4a84202022a46',
  stimulus: 'list4/7-15-8-printedmaterial007-A.png',
  session_id: '67a9870009e9bc04b7ea5ad9'
}
req.body
{
  rt: 3379,
  trial_type: 'image-slider-response',
  trial_index: 21,
  time_elapsed: 223746,
  internal_node_id: 0,
  subject: '66b30d310ddfa04ca4274bf1',
  response: '84',
  pic: 'list4/19-1024-4-printedmaterial007-A.png',
  block: 'blockpics',
  study_id: '676a5c1061b4a84202022a46',
  stimulus: 'list4/19-1024-4-printedmaterial007-A.png',
  session_id: '67a9870009e9bc04b7ea5ad9'
}
req.body
{
  rt: 3546,
  trial_type: 'image-slider-response',
  trial_index: 22,
  time_elapsed: 227294,
  internal_node_id: 0,
  subject: '66b30d310ddfa04ca4274bf1',
  response: '86',
  pic: 'list4/29-17-7-fabric05-AB.png',
  block: 'blockpics',
  study_id: '676a5c1061b4a84202022a46',
  stimulus: 'list4/29-17-7-fabric05-AB.png',
  session_id: '67a9870009e9bc04b7ea5ad9'
}
req.body
{
  rt: 3608,
  trial_type: 'image-slider-response',
  trial_index: 23,
  time_elapsed: 230903,
  internal_node_id: 0,
  subject: '66b30d310ddfa04ca4274bf1',
  response: '77',
  pic: 'list4/21-82-9-031-AB.png',
  block: 'blockpics',
  study_id: '676a5c1061b4a84202022a46',
  stimulus: 'list4/21-82-9-031-AB.png',
  session_id: '67a9870009e9bc04b7ea5ad9'
}
req.body
{
  rt: 3009,
  trial_type: 'image-slider-response',
  trial_index: 24,
  time_elapsed: 233913,
  internal_node_id: 0,
  subject: '66b30d310ddfa04ca4274bf1',
  response: '83',
  pic: 'list4/17-224-12-fabric05-AB.png',
  block: 'blockpics',
  study_id: '676a5c1061b4a84202022a46',
  stimulus: 'list4/17-224-12-fabric05-AB.png',
  session_id: '67a9870009e9bc04b7ea5ad9'
}
